<?xml version="1.0" encoding="UTF-8"?>
<coverage generated="1632928919925" clover="3.2.0">
  <project timestamp="1632928919925" name="All files">
    <metrics statements="389" coveredstatements="381" conditionals="289" coveredconditionals="260" methods="78" coveredmethods="76" elements="756" coveredelements="717" complexity="0" loc="389" ncloc="389" packages="5" files="18" classes="18"/>
    <package name="__tests__.adapters.prisma">
      <metrics statements="13" coveredstatements="13" conditionals="0" coveredconditionals="0" methods="1" coveredmethods="1"/>
      <file name="client.ts" path="/Users/hugofoyart/PremierOctet/next-crud/__tests__/adapters/prisma/client.ts">
        <metrics statements="3" coveredstatements="3" conditionals="0" coveredconditionals="0" methods="0" coveredmethods="0"/>
        <line num="1" count="1" type="stmt"/>
        <line num="3" count="1" type="stmt"/>
        <line num="4" count="1" type="stmt"/>
      </file>
      <file name="seed.ts" path="/Users/hugofoyart/PremierOctet/next-crud/__tests__/adapters/prisma/seed.ts">
        <metrics statements="10" coveredstatements="10" conditionals="0" coveredconditionals="0" methods="1" coveredmethods="1"/>
        <line num="1" count="1" type="stmt"/>
        <line num="3" count="1" type="stmt"/>
        <line num="7" count="1" type="stmt"/>
        <line num="14" count="1" type="stmt"/>
        <line num="21" count="1" type="stmt"/>
        <line num="28" count="1" type="stmt"/>
        <line num="38" count="1" type="stmt"/>
        <line num="49" count="1" type="stmt"/>
        <line num="63" count="1" type="stmt"/>
        <line num="79" count="1" type="stmt"/>
      </file>
    </package>
    <package name="src">
      <metrics statements="189" coveredstatements="189" conditionals="189" coveredconditionals="181" methods="31" coveredmethods="31"/>
      <file name="handler.ts" path="/Users/hugofoyart/PremierOctet/next-crud/src/handler.ts">
        <metrics statements="72" coveredstatements="72" conditionals="119" coveredconditionals="114" methods="9" coveredmethods="9"/>
        <line num="4" count="2" type="stmt"/>
        <line num="11" count="2" type="stmt"/>
        <line num="12" count="2" type="stmt"/>
        <line num="13" count="2" type="stmt"/>
        <line num="14" count="2" type="stmt"/>
        <line num="45" count="2" type="stmt"/>
        <line num="81" count="43" type="cond" truecount="2" falsecount="0"/>
        <line num="90" count="1" type="stmt"/>
        <line num="93" count="42" type="stmt"/>
        <line num="94" count="42" type="stmt"/>
        <line num="96" count="42" type="stmt"/>
        <line num="97" count="73" type="cond" truecount="12" falsecount="0"/>
        <line num="99" count="42" type="stmt"/>
        <line num="101" count="42" type="cond" truecount="2" falsecount="0"/>
        <line num="102" count="3" type="stmt"/>
        <line num="103" count="3" type="stmt"/>
        <line num="104" count="3" type="stmt"/>
        <line num="107" count="39" type="stmt"/>
        <line num="108" count="39" type="stmt"/>
        <line num="114" count="39" type="stmt"/>
        <line num="122" count="39" type="cond" truecount="4" falsecount="0"/>
        <line num="124" count="39" type="cond" truecount="10" falsecount="0"/>
        <line num="125" count="1" type="stmt"/>
        <line num="126" count="5" type="cond" truecount="3" falsecount="1"/>
        <line num="130" count="39" type="cond" truecount="10" falsecount="0"/>
        <line num="131" count="1" type="stmt"/>
        <line num="132" count="5" type="cond" truecount="6" falsecount="2"/>
        <line num="136" count="39" type="cond" truecount="4" falsecount="0"/>
        <line num="142" count="37" type="cond" truecount="2" falsecount="0"/>
        <line num="143" count="3" type="stmt"/>
        <line num="144" count="3" type="stmt"/>
        <line num="147" count="34" type="stmt"/>
        <line num="149" count="34" type="stmt"/>
        <line num="151" count="34" type="cond" truecount="2" falsecount="0"/>
        <line num="152" count="17" type="stmt"/>
        <line num="154" count="17" type="cond" truecount="2" falsecount="0"/>
        <line num="155" count="2" type="stmt"/>
        <line num="156" count="2" type="stmt"/>
        <line num="161" count="34" type="cond" truecount="2" falsecount="0"/>
        <line num="162" count="18" type="stmt"/>
        <line num="163" count="18" type="cond" truecount="3" falsecount="1"/>
        <line num="165" count="18" type="cond" truecount="2" falsecount="0"/>
        <line num="166" count="17" type="stmt"/>
        <line num="170" count="34" type="stmt"/>
        <line num="179" count="34" type="cond" truecount="4" falsecount="0"/>
        <line num="183" count="34" type="stmt"/>
        <line num="184" count="34" type="stmt"/>
        <line num="185" count="34" type="stmt"/>
        <line num="187" count="8" type="stmt"/>
        <line num="191" count="6" type="stmt"/>
        <line num="193" count="17" type="stmt"/>
        <line num="197" count="17" type="stmt"/>
        <line num="200" count="2" type="stmt"/>
        <line num="201" count="2" type="stmt"/>
        <line num="203" count="4" type="stmt"/>
        <line num="208" count="3" type="stmt"/>
        <line num="210" count="3" type="stmt"/>
        <line num="214" count="2" type="stmt"/>
        <line num="217" count="4" type="cond" truecount="4" falsecount="0"/>
        <line num="218" count="1" type="stmt"/>
        <line num="220" count="3" type="stmt"/>
        <line num="225" count="34" type="cond" truecount="4" falsecount="0"/>
        <line num="227" count="34" type="stmt"/>
        <line num="229" count="31" type="cond" truecount="4" falsecount="0"/>
        <line num="231" count="5" type="cond" truecount="4" falsecount="0"/>
        <line num="232" count="5" type="cond" truecount="2" falsecount="0"/>
        <line num="233" count="4" type="stmt"/>
        <line num="235" count="1" type="stmt"/>
        <line num="238" count="39" type="cond" truecount="4" falsecount="0"/>
        <line num="239" count="39" type="stmt"/>
        <line num="242" count="42" type="stmt"/>
        <line num="245" count="2" type="stmt"/>
      </file>
      <file name="httpError.ts" path="/Users/hugofoyart/PremierOctet/next-crud/src/httpError.ts">
        <metrics statements="5" coveredstatements="5" conditionals="0" coveredconditionals="0" methods="1" coveredmethods="1"/>
        <line num="1" count="2" type="stmt"/>
        <line num="3" count="2" type="stmt"/>
        <line num="7" count="4" type="stmt"/>
        <line num="8" count="4" type="stmt"/>
        <line num="9" count="4" type="stmt"/>
      </file>
      <file name="queryParser.ts" path="/Users/hugofoyart/PremierOctet/next-crud/src/queryParser.ts">
        <metrics statements="48" coveredstatements="48" conditionals="34" coveredconditionals="33" methods="6" coveredmethods="6"/>
        <line num="1" count="3" type="stmt"/>
        <line num="2" count="3" type="stmt"/>
        <line num="10" count="3" type="stmt"/>
        <line num="11" count="12" type="cond" truecount="2" falsecount="0"/>
        <line num="12" count="11" type="stmt"/>
        <line num="14" count="11" type="stmt"/>
        <line num="16" count="11" type="stmt"/>
        <line num="17" count="28" type="stmt"/>
        <line num="20" count="11" type="stmt"/>
        <line num="23" count="1" type="stmt"/>
        <line num="26" count="3" type="stmt"/>
        <line num="27" count="6" type="stmt"/>
        <line num="28" count="6" type="stmt"/>
        <line num="30" count="6" type="stmt"/>
        <line num="31" count="6" type="stmt"/>
        <line num="34" count="6" type="stmt"/>
        <line num="37" count="3" type="stmt"/>
        <line num="38" count="3" type="stmt"/>
        <line num="39" count="3" type="stmt"/>
        <line num="41" count="3" type="cond" truecount="2" falsecount="0"/>
        <line num="42" count="2" type="stmt"/>
        <line num="44" count="2" type="cond" truecount="4" falsecount="0"/>
        <line num="45" count="1" type="stmt"/>
        <line num="49" count="3" type="cond" truecount="2" falsecount="0"/>
        <line num="50" count="2" type="stmt"/>
        <line num="55" count="1" type="stmt"/>
        <line num="58" count="3" type="stmt"/>
        <line num="59" count="52" type="cond" truecount="2" falsecount="0"/>
        <line num="60" count="33" type="stmt"/>
        <line num="61" count="33" type="stmt"/>
        <line num="62" count="33" type="cond" truecount="2" falsecount="0"/>
        <line num="63" count="9" type="stmt"/>
        <line num="65" count="32" type="cond" truecount="2" falsecount="0"/>
        <line num="66" count="3" type="stmt"/>
        <line num="68" count="32" type="cond" truecount="2" falsecount="0"/>
        <line num="69" count="6" type="stmt"/>
        <line num="71" count="32" type="cond" truecount="2" falsecount="0"/>
        <line num="72" count="3" type="stmt"/>
        <line num="74" count="30" type="cond" truecount="2" falsecount="0"/>
        <line num="75" count="6" type="stmt"/>
        <line num="79" count="30" type="cond" truecount="2" falsecount="0"/>
        <line num="80" count="3" type="cond" truecount="2" falsecount="0"/>
        <line num="82" count="30" type="cond" truecount="2" falsecount="0"/>
        <line num="83" count="1" type="stmt"/>
        <line num="85" count="30" type="cond" truecount="2" falsecount="0"/>
        <line num="86" count="2" type="cond" truecount="1" falsecount="1"/>
        <line num="89" count="30" type="stmt"/>
        <line num="95" count="19" type="stmt"/>
      </file>
      <file name="types.ts" path="/Users/hugofoyart/PremierOctet/next-crud/src/types.ts">
        <metrics statements="6" coveredstatements="6" conditionals="2" coveredconditionals="2" methods="1" coveredmethods="1"/>
        <line num="3" count="5" type="cond" truecount="2" falsecount="0"/>
        <line num="4" count="5" type="stmt"/>
        <line num="5" count="5" type="stmt"/>
        <line num="6" count="5" type="stmt"/>
        <line num="7" count="5" type="stmt"/>
        <line num="8" count="5" type="stmt"/>
      </file>
      <file name="utils.ts" path="/Users/hugofoyart/PremierOctet/next-crud/src/utils.ts">
        <metrics statements="58" coveredstatements="58" conditionals="34" coveredconditionals="32" methods="14" coveredmethods="14"/>
        <line num="1" count="5" type="stmt"/>
        <line num="2" count="5" type="stmt"/>
        <line num="24" count="5" type="stmt"/>
        <line num="30" count="57" type="stmt"/>
        <line num="32" count="57" type="cond" truecount="2" falsecount="0"/>
        <line num="33" count="2" type="stmt"/>
        <line num="38" count="55" type="stmt"/>
        <line num="42" count="55" type="stmt"/>
        <line num="46" count="55" type="stmt"/>
        <line num="48" count="33" type="stmt"/>
        <line num="51" count="33" type="cond" truecount="4" falsecount="0"/>
        <line num="52" count="14" type="stmt"/>
        <line num="58" count="19" type="stmt"/>
        <line num="63" count="5" type="stmt"/>
        <line num="65" count="5" type="cond" truecount="2" falsecount="0"/>
        <line num="66" count="4" type="stmt"/>
        <line num="71" count="1" type="stmt"/>
        <line num="77" count="10" type="stmt"/>
        <line num="79" count="10" type="cond" truecount="4" falsecount="0"/>
        <line num="80" count="8" type="stmt"/>
        <line num="86" count="2" type="stmt"/>
        <line num="91" count="6" type="stmt"/>
        <line num="93" count="6" type="cond" truecount="4" falsecount="0"/>
        <line num="94" count="5" type="stmt"/>
        <line num="100" count="1" type="stmt"/>
        <line num="105" count="1" type="stmt"/>
        <line num="112" count="5" type="stmt"/>
        <line num="113" count="35" type="cond" truecount="2" falsecount="0"/>
        <line num="116" count="5" type="stmt"/>
        <line num="118" count="5" type="stmt"/>
        <line num="119" count="43" type="stmt"/>
        <line num="122" count="5" type="stmt"/>
        <line num="125" count="32" type="stmt"/>
        <line num="126" count="34" type="stmt"/>
        <line num="127" count="32" type="stmt"/>
        <line num="129" count="34" type="stmt"/>
        <line num="135" count="34" type="stmt"/>
        <line num="136" count="34" type="stmt"/>
        <line num="138" count="34" type="cond" truecount="1" falsecount="1"/>
        <line num="139" count="34" type="stmt"/>
        <line num="140" count="2" type="stmt"/>
        <line num="145" count="32" type="stmt"/>
        <line num="148" count="5" type="stmt"/>
        <line num="152" count="19" type="cond" truecount="2" falsecount="0"/>
        <line num="153" count="4" type="cond" truecount="2" falsecount="0"/>
        <line num="154" count="1" type="stmt"/>
        <line num="157" count="3" type="stmt"/>
        <line num="163" count="15" type="stmt"/>
        <line num="166" count="5" type="stmt"/>
        <line num="170" count="3" type="stmt"/>
        <line num="171" count="3" type="stmt"/>
        <line num="174" count="5" type="stmt"/>
        <line num="175" count="1" type="stmt"/>
        <line num="178" count="5" type="stmt"/>
        <line num="182" count="43" type="stmt"/>
        <line num="183" count="43" type="stmt"/>
        <line num="184" count="40" type="cond" truecount="1" falsecount="1"/>
        <line num="187" count="43" type="stmt"/>
      </file>
    </package>
    <package name="src.adapters.prisma">
      <metrics statements="52" coveredstatements="44" conditionals="48" coveredconditionals="32" methods="14" coveredmethods="12"/>
      <file name="index.ts" path="/Users/hugofoyart/PremierOctet/next-crud/src/adapters/prisma/index.ts">
        <metrics statements="52" coveredstatements="44" conditionals="48" coveredconditionals="32" methods="14" coveredmethods="12"/>
        <line num="1" count="1" type="stmt"/>
        <line num="14" count="1" type="stmt"/>
        <line num="17" count="1" type="stmt"/>
        <line num="18" count="1" type="stmt"/>
        <line num="19" count="1" type="stmt"/>
        <line num="20" count="1" type="stmt"/>
        <line num="55" count="1" type="stmt"/>
        <line num="73" count="17" type="stmt"/>
        <line num="74" count="17" type="stmt"/>
        <line num="75" count="17" type="stmt"/>
        <line num="76" count="17" type="stmt"/>
        <line num="87" count="1" type="stmt"/>
        <line num="92" count="1" type="stmt"/>
        <line num="100" count="0" type="stmt"/>
        <line num="101" count="0" type="cond" truecount="0" falsecount="2"/>
        <line num="105" count="0" type="stmt"/>
        <line num="110" count="0" type="stmt"/>
        <line num="118" count="17" type="stmt"/>
        <line num="120" count="17" type="cond" truecount="2" falsecount="0"/>
        <line num="121" count="5" type="stmt"/>
        <line num="123" count="17" type="cond" truecount="1" falsecount="1"/>
        <line num="124" count="0" type="stmt"/>
        <line num="126" count="17" type="cond" truecount="6" falsecount="0"/>
        <line num="127" count="3" type="stmt"/>
        <line num="132" count="17" type="cond" truecount="1" falsecount="1"/>
        <line num="133" count="0" type="stmt"/>
        <line num="135" count="17" type="cond" truecount="2" falsecount="0"/>
        <line num="136" count="4" type="stmt"/>
        <line num="138" count="17" type="cond" truecount="2" falsecount="0"/>
        <line num="139" count="2" type="stmt"/>
        <line num="141" count="17" type="cond" truecount="6" falsecount="0"/>
        <line num="142" count="1" type="stmt"/>
        <line num="144" count="17" type="cond" truecount="1" falsecount="1"/>
        <line num="145" count="0" type="stmt"/>
        <line num="148" count="17" type="stmt"/>
        <line num="156" count="12" type="stmt"/>
        <line num="167" count="12" type="stmt"/>
        <line num="175" count="4" type="stmt"/>
        <line num="180" count="4" type="cond" truecount="1" falsecount="1"/>
        <line num="182" count="4" type="stmt"/>
        <line num="190" count="4" type="stmt"/>
        <line num="198" count="1" type="stmt"/>
        <line num="204" count="1" type="stmt"/>
        <line num="213" count="2" type="stmt"/>
        <line num="222" count="2" type="stmt"/>
        <line num="230" count="1" type="stmt"/>
        <line num="238" count="1" type="stmt"/>
        <line num="242" count="17" type="stmt"/>
        <line num="246" count="17" type="stmt"/>
        <line num="250" count="0" type="stmt"/>
        <line num="254" count="17" type="stmt"/>
        <line num="261" count="21" type="stmt"/>
      </file>
    </package>
    <package name="src.adapters.prisma.utils">
      <metrics statements="90" coveredstatements="90" conditionals="44" coveredconditionals="39" methods="17" coveredmethods="17"/>
      <file name="parseCursor.ts" path="/Users/hugofoyart/PremierOctet/next-crud/src/adapters/prisma/utils/parseCursor.ts">
        <metrics statements="10" coveredstatements="10" conditionals="4" coveredconditionals="4" methods="2" coveredmethods="2"/>
        <line num="1" count="2" type="stmt"/>
        <line num="4" count="2" type="stmt"/>
        <line num="7" count="5" type="stmt"/>
        <line num="9" count="5" type="stmt"/>
        <line num="10" count="6" type="stmt"/>
        <line num="12" count="6" type="cond" truecount="2" falsecount="0"/>
        <line num="13" count="4" type="stmt"/>
        <line num="17" count="5" type="cond" truecount="2" falsecount="0"/>
        <line num="18" count="1" type="stmt"/>
        <line num="23" count="4" type="stmt"/>
      </file>
      <file name="parseOrderBy.ts" path="/Users/hugofoyart/PremierOctet/next-crud/src/adapters/prisma/utils/parseOrderBy.ts">
        <metrics statements="7" coveredstatements="7" conditionals="0" coveredconditionals="0" methods="2" coveredmethods="2"/>
        <line num="4" count="2" type="stmt"/>
        <line num="9" count="2" type="stmt"/>
        <line num="10" count="1" type="stmt"/>
        <line num="12" count="1" type="stmt"/>
        <line num="13" count="2" type="stmt"/>
        <line num="15" count="2" type="stmt"/>
        <line num="18" count="1" type="stmt"/>
      </file>
      <file name="parseRecursive.ts" path="/Users/hugofoyart/PremierOctet/next-crud/src/adapters/prisma/utils/parseRecursive.ts">
        <metrics statements="7" coveredstatements="7" conditionals="2" coveredconditionals="2" methods="2" coveredmethods="2"/>
        <line num="4" count="2" type="stmt"/>
        <line num="8" count="16" type="stmt"/>
        <line num="10" count="16" type="stmt"/>
        <line num="11" count="24" type="cond" truecount="2" falsecount="0"/>
        <line num="12" count="9" type="stmt"/>
        <line num="19" count="15" type="stmt"/>
        <line num="23" count="16" type="stmt"/>
      </file>
      <file name="parseWhere.ts" path="/Users/hugofoyart/PremierOctet/next-crud/src/adapters/prisma/utils/parseWhere.ts">
        <metrics statements="66" coveredstatements="66" conditionals="38" coveredconditionals="33" methods="11" coveredmethods="11"/>
        <line num="2" count="2" type="stmt"/>
        <line num="10" count="2" type="stmt"/>
        <line num="20" count="2" type="stmt"/>
        <line num="34" count="2" type="stmt"/>
        <line num="35" count="9" type="stmt"/>
        <line num="39" count="2" type="stmt"/>
        <line num="40" count="9" type="cond" truecount="2" falsecount="0"/>
        <line num="41" count="1" type="stmt"/>
        <line num="44" count="8" type="cond" truecount="4" falsecount="0"/>
        <line num="45" count="1" type="stmt"/>
        <line num="48" count="7" type="stmt"/>
        <line num="51" count="2" type="stmt"/>
        <line num="53" count="31" type="stmt"/>
        <line num="54" count="31" type="stmt"/>
        <line num="56" count="31" type="stmt"/>
        <line num="59" count="2" type="stmt"/>
        <line num="60" count="13" type="stmt"/>
        <line num="61" count="13" type="stmt"/>
        <line num="63" count="13" type="cond" truecount="2" falsecount="0"/>
        <line num="64" count="12" type="stmt"/>
        <line num="70" count="2" type="stmt"/>
        <line num="74" count="6" type="stmt"/>
        <line num="76" count="6" type="stmt"/>
        <line num="77" count="12" type="stmt"/>
        <line num="79" count="12" type="cond" truecount="2" falsecount="0"/>
        <line num="80" count="3" type="stmt"/>
        <line num="81" count="9" type="cond" truecount="2" falsecount="0"/>
        <line num="82" count="3" type="stmt"/>
        <line num="83" count="6" type="cond" truecount="1" falsecount="1"/>
        <line num="84" count="6" type="stmt"/>
        <line num="86" count="6" type="cond" truecount="1" falsecount="1"/>
        <line num="87" count="6" type="stmt"/>
        <line num="92" count="6" type="stmt"/>
        <line num="95" count="2" type="stmt"/>
        <line num="101" count="22" type="cond" truecount="2" falsecount="0"/>
        <line num="102" count="9" type="stmt"/>
        <line num="104" count="13" type="stmt"/>
        <line num="106" count="2" type="cond" truecount="1" falsecount="1"/>
        <line num="107" count="2" type="stmt"/>
        <line num="109" count="2" type="stmt"/>
        <line num="112" count="2" type="cond" truecount="1" falsecount="1"/>
        <line num="113" count="2" type="stmt"/>
        <line num="118" count="2" type="stmt"/>
        <line num="121" count="2" type="cond" truecount="1" falsecount="1"/>
        <line num="122" count="2" type="stmt"/>
        <line num="127" count="2" type="stmt"/>
        <line num="130" count="7" type="stmt"/>
        <line num="131" count="7" type="stmt"/>
        <line num="137" count="2" type="stmt"/>
        <line num="144" count="7" type="stmt"/>
        <line num="145" count="7" type="stmt"/>
        <line num="146" count="7" type="stmt"/>
        <line num="148" count="18" type="cond" truecount="2" falsecount="0"/>
        <line num="149" count="7" type="stmt"/>
        <line num="153" count="11" type="stmt"/>
        <line num="161" count="7" type="stmt"/>
        <line num="163" count="7" type="stmt"/>
        <line num="165" count="7" type="stmt"/>
        <line num="174" count="2" type="stmt"/>
        <line num="178" count="15" type="stmt"/>
        <line num="180" count="15" type="stmt"/>
        <line num="181" count="19" type="stmt"/>
        <line num="203" count="19" type="cond" truecount="2" falsecount="0"/>
        <line num="204" count="4" type="stmt"/>
        <line num="206" count="15" type="stmt"/>
        <line num="210" count="15" type="stmt"/>
      </file>
    </package>
    <package name="src.handlers">
      <metrics statements="45" coveredstatements="45" conditionals="8" coveredconditionals="8" methods="15" coveredmethods="15"/>
      <file name="createHandler.ts" path="/Users/hugofoyart/PremierOctet/next-crud/src/handlers/createHandler.ts">
        <metrics statements="5" coveredstatements="5" conditionals="0" coveredconditionals="0" methods="2" coveredmethods="2"/>
        <line num="2" count="2" type="stmt"/>
        <line num="17" count="2" type="stmt"/>
        <line num="18" count="2" type="stmt"/>
        <line num="22" count="2" type="stmt"/>
        <line num="33" count="2" type="stmt"/>
      </file>
      <file name="deleteHandler.ts" path="/Users/hugofoyart/PremierOctet/next-crud/src/handlers/deleteHandler.ts">
        <metrics statements="9" coveredstatements="9" conditionals="2" coveredconditionals="2" methods="2" coveredmethods="2"/>
        <line num="1" count="2" type="stmt"/>
        <line num="3" count="2" type="stmt"/>
        <line num="16" count="3" type="stmt"/>
        <line num="18" count="3" type="cond" truecount="2" falsecount="0"/>
        <line num="19" count="2" type="stmt"/>
        <line num="24" count="2" type="stmt"/>
        <line num="28" count="2" type="stmt"/>
        <line num="38" count="1" type="stmt"/>
        <line num="42" count="2" type="stmt"/>
      </file>
      <file name="getAll.ts" path="/Users/hugofoyart/PremierOctet/next-crud/src/handlers/getAll.ts">
        <metrics statements="9" coveredstatements="9" conditionals="2" coveredconditionals="2" methods="2" coveredmethods="2"/>
        <line num="2" count="2" type="stmt"/>
        <line num="17" count="17" type="stmt"/>
        <line num="18" count="17" type="stmt"/>
        <line num="19" count="17" type="cond" truecount="2" falsecount="0"/>
        <line num="20" count="2" type="stmt"/>
        <line num="21" count="2" type="stmt"/>
        <line num="26" count="17" type="stmt"/>
        <line num="33" count="17" type="stmt"/>
        <line num="44" count="2" type="stmt"/>
      </file>
      <file name="getOne.ts" path="/Users/hugofoyart/PremierOctet/next-crud/src/handlers/getOne.ts">
        <metrics statements="8" coveredstatements="8" conditionals="2" coveredconditionals="2" methods="2" coveredmethods="2"/>
        <line num="1" count="2" type="stmt"/>
        <line num="3" count="2" type="stmt"/>
        <line num="16" count="8" type="stmt"/>
        <line num="18" count="7" type="cond" truecount="2" falsecount="0"/>
        <line num="19" count="1" type="stmt"/>
        <line num="22" count="6" type="stmt"/>
        <line num="26" count="6" type="stmt"/>
        <line num="37" count="2" type="stmt"/>
      </file>
      <file name="index.ts" path="/Users/hugofoyart/PremierOctet/next-crud/src/handlers/index.ts">
        <metrics statements="5" coveredstatements="5" conditionals="0" coveredconditionals="0" methods="5" coveredmethods="5"/>
        <line num="1" count="19" type="stmt"/>
        <line num="2" count="10" type="stmt"/>
        <line num="3" count="4" type="stmt"/>
        <line num="4" count="6" type="stmt"/>
        <line num="5" count="5" type="stmt"/>
      </file>
      <file name="updateHandler.ts" path="/Users/hugofoyart/PremierOctet/next-crud/src/handlers/updateHandler.ts">
        <metrics statements="9" coveredstatements="9" conditionals="2" coveredconditionals="2" methods="2" coveredmethods="2"/>
        <line num="1" count="2" type="stmt"/>
        <line num="3" count="2" type="stmt"/>
        <line num="19" count="4" type="stmt"/>
        <line num="21" count="4" type="cond" truecount="2" falsecount="0"/>
        <line num="22" count="3" type="stmt"/>
        <line num="28" count="3" type="stmt"/>
        <line num="32" count="3" type="stmt"/>
        <line num="42" count="1" type="stmt"/>
        <line num="46" count="2" type="stmt"/>
      </file>
    </package>
  </project>
</coverage>
