{"/Users/hugofoyart/PremierOctet/next-crud/__tests__/adapters/prisma/client.ts": {"path":"/Users/hugofoyart/PremierOctet/next-crud/__tests__/adapters/prisma/client.ts","statementMap":{"0":{"start":{"line":1,"column":0},"end":{"line":1,"column":45}},"1":{"start":{"line":3,"column":15},"end":{"line":3,"column":33}},"2":{"start":{"line":4,"column":0},"end":{"line":4,"column":null}}},"fnMap":{},"branchMap":{},"s":{"0":1,"1":1,"2":1},"f":{},"b":{}}
,"/Users/hugofoyart/PremierOctet/next-crud/__tests__/adapters/prisma/seed.ts": {"path":"/Users/hugofoyart/PremierOctet/next-crud/__tests__/adapters/prisma/seed.ts","statementMap":{"0":{"start":{"line":1,"column":0},"end":{"line":1,"column":29}},"1":{"start":{"line":7,"column":16},"end":{"line":12,"column":4}},"2":{"start":{"line":14,"column":16},"end":{"line":19,"column":4}},"3":{"start":{"line":21,"column":16},"end":{"line":26,"column":4}},"4":{"start":{"line":28,"column":16},"end":{"line":33,"column":4}},"5":{"start":{"line":38,"column":16},"end":{"line":47,"column":4}},"6":{"start":{"line":49,"column":16},"end":{"line":58,"column":4}},"7":{"start":{"line":63,"column":2},"end":{"line":77,"column":null}},"8":{"start":{"line":79,"column":2},"end":{"line":93,"column":null}},"9":{"start":{"line":3,"column":0},"end":{"line":3,"column":22}}},"fnMap":{"0":{"name":"createSeedData","decl":{"start":{"line":3,"column":22},"end":{"line":3,"column":36}},"loc":{"start":{"line":3,"column":36},"end":{"line":94,"column":null}}}},"branchMap":{},"s":{"0":1,"1":1,"2":1,"3":1,"4":1,"5":1,"6":1,"7":1,"8":1,"9":1},"f":{"0":1},"b":{}}
,"/Users/hugofoyart/PremierOctet/next-crud/src/handler.ts": {"path":"/Users/hugofoyart/PremierOctet/next-crud/src/handler.ts","statementMap":{"0":{"start":{"line":4,"column":0},"end":{"line":4,"column":null}},"1":{"start":{"line":11,"column":0},"end":{"line":11,"column":35}},"2":{"start":{"line":12,"column":0},"end":{"line":12,"column":42}},"3":{"start":{"line":13,"column":0},"end":{"line":13,"column":74}},"4":{"start":{"line":14,"column":0},"end":{"line":14,"column":null}},"5":{"start":{"line":45,"column":51},"end":{"line":47,"column":null}},"6":{"start":{"line":81,"column":2},"end":{"line":91,"column":null}},"7":{"start":{"line":90,"column":4},"end":{"line":90,"column":null}},"8":{"start":{"line":93,"column":34},"end":{"line":241,"column":null}},"9":{"start":{"line":93,"column":53},"end":{"line":241,"column":null}},"10":{"start":{"line":94,"column":34},"end":{"line":94,"column":37}},"11":{"start":{"line":96,"column":23},"end":{"line":98,"column":6}},"12":{"start":{"line":97,"column":6},"end":{"line":97,"column":null}},"13":{"start":{"line":99,"column":23},"end":{"line":99,"column":62}},"14":{"start":{"line":101,"column":4},"end":{"line":105,"column":null}},"15":{"start":{"line":102,"column":6},"end":{"line":102,"column":null}},"16":{"start":{"line":103,"column":6},"end":{"line":103,"column":null}},"17":{"start":{"line":104,"column":6},"end":{"line":104,"column":12}},"18":{"start":{"line":107,"column":4},"end":{"line":240,"column":null}},"19":{"start":{"line":108,"column":40},"end":{"line":112,"column":8}},"20":{"start":{"line":114,"column":42},"end":{"line":120,"column":null}},"21":{"start":{"line":122,"column":26},"end":{"line":122,"column":48}},"22":{"start":{"line":124,"column":6},"end":{"line":128,"column":null}},"23":{"start":{"line":125,"column":8},"end":{"line":127,"column":null}},"24":{"start":{"line":126,"column":10},"end":{"line":126,"column":49}},"25":{"start":{"line":130,"column":6},"end":{"line":134,"column":null}},"26":{"start":{"line":131,"column":8},"end":{"line":133,"column":null}},"27":{"start":{"line":132,"column":10},"end":{"line":132,"column":null}},"28":{"start":{"line":136,"column":6},"end":{"line":140,"column":null}},"29":{"start":{"line":142,"column":6},"end":{"line":145,"column":null}},"30":{"start":{"line":143,"column":8},"end":{"line":143,"column":null}},"31":{"start":{"line":144,"column":8},"end":{"line":144,"column":14}},"32":{"start":{"line":147,"column":26},"end":{"line":147,"column":55}},"33":{"start":{"line":149,"column":24},"end":{"line":149,"column":29}},"34":{"start":{"line":151,"column":6},"end":{"line":158,"column":null}},"35":{"start":{"line":152,"column":34},"end":{"line":152,"column":79}},"36":{"start":{"line":154,"column":8},"end":{"line":157,"column":null}},"37":{"start":{"line":155,"column":10},"end":{"line":155,"column":null}},"38":{"start":{"line":156,"column":10},"end":{"line":156,"column":null}},"39":{"start":{"line":161,"column":6},"end":{"line":168,"column":null}},"40":{"start":{"line":162,"column":30},"end":{"line":163,"column":null}},"41":{"start":{"line":163,"column":21},"end":{"line":163,"column":null}},"42":{"start":{"line":165,"column":8},"end":{"line":167,"column":null}},"43":{"start":{"line":166,"column":10},"end":{"line":166,"column":null}},"44":{"start":{"line":170,"column":43},"end":{"line":177,"column":null}},"45":{"start":{"line":179,"column":31},"end":{"line":181,"column":36}},"46":{"start":{"line":183,"column":26},"end":{"line":223,"column":null}},"47":{"start":{"line":183,"column":37},"end":{"line":223,"column":null}},"48":{"start":{"line":184,"column":8},"end":{"line":222,"column":null}},"49":{"start":{"line":185,"column":10},"end":{"line":215,"column":null}},"50":{"start":{"line":187,"column":14},"end":{"line":190,"column":null}},"51":{"start":{"line":191,"column":14},"end":{"line":191,"column":19}},"52":{"start":{"line":193,"column":14},"end":{"line":196,"column":null}},"53":{"start":{"line":197,"column":14},"end":{"line":197,"column":19}},"54":{"start":{"line":200,"column":14},"end":{"line":200,"column":null}},"55":{"start":{"line":201,"column":14},"end":{"line":201,"column":19}},"56":{"start":{"line":203,"column":14},"end":{"line":207,"column":null}},"57":{"start":{"line":208,"column":14},"end":{"line":208,"column":19}},"58":{"start":{"line":210,"column":14},"end":{"line":213,"column":null}},"59":{"start":{"line":214,"column":14},"end":{"line":214,"column":19}},"60":{"start":{"line":217,"column":10},"end":{"line":221,"column":null}},"61":{"start":{"line":218,"column":12},"end":{"line":218,"column":null}},"62":{"start":{"line":220,"column":12},"end":{"line":220,"column":null}},"63":{"start":{"line":225,"column":6},"end":{"line":225,"column":null}},"64":{"start":{"line":227,"column":6},"end":{"line":227,"column":null}},"65":{"start":{"line":229,"column":6},"end":{"line":229,"column":null}},"66":{"start":{"line":231,"column":6},"end":{"line":231,"column":null}},"67":{"start":{"line":232,"column":6},"end":{"line":236,"column":null}},"68":{"start":{"line":233,"column":8},"end":{"line":233,"column":null}},"69":{"start":{"line":235,"column":8},"end":{"line":235,"column":null}},"70":{"start":{"line":238,"column":6},"end":{"line":238,"column":null}},"71":{"start":{"line":239,"column":6},"end":{"line":239,"column":null}},"72":{"start":{"line":242,"column":2},"end":{"line":242,"column":null}},"73":{"start":{"line":245,"column":0},"end":{"line":245,"column":null}}},"fnMap":{"0":{"name":"NextCrud","decl":{"start":{"line":49,"column":9},"end":{"line":49,"column":17}},"loc":{"start":{"line":58,"column":28},"end":{"line":243,"column":1}}},"1":{"name":"(anonymous_9)","decl":{"start":{"line":93,"column":34},"end":{"line":93,"column":41}},"loc":{"start":{"line":93,"column":53},"end":{"line":241,"column":null}}},"2":{"name":"(anonymous_10)","decl":{"start":{"line":93,"column":53},"end":{"line":93,"column":null}},"loc":{"start":{"line":93,"column":53},"end":{"line":241,"column":3}}},"3":{"name":"(anonymous_11)","decl":{"start":{"line":96,"column":47},"end":{"line":96,"column":48}},"loc":{"start":{"line":96,"column":61},"end":{"line":98,"column":5}}},"4":{"name":"(anonymous_12)","decl":{"start":{"line":125,"column":51},"end":{"line":125,"column":52}},"loc":{"start":{"line":125,"column":60},"end":{"line":127,"column":9}}},"5":{"name":"(anonymous_13)","decl":{"start":{"line":131,"column":51},"end":{"line":131,"column":52}},"loc":{"start":{"line":131,"column":60},"end":{"line":133,"column":9}}},"6":{"name":"(anonymous_14)","decl":{"start":{"line":163,"column":10},"end":{"line":163,"column":11}},"loc":{"start":{"line":163,"column":20},"end":{"line":163,"column":null}}},"7":{"name":"(anonymous_15)","decl":{"start":{"line":183,"column":26},"end":{"line":183,"column":35}},"loc":{"start":{"line":183,"column":37},"end":{"line":223,"column":null}}},"8":{"name":"(anonymous_16)","decl":{"start":{"line":183,"column":37},"end":{"line":183,"column":null}},"loc":{"start":{"line":183,"column":37},"end":{"line":223,"column":7}}}},"branchMap":{"0":{"loc":{"start":{"line":52,"column":21},"end":{"line":52,"column":41}},"type":"default-arg","locations":[{"start":{"line":52,"column":21},"end":{"line":52,"column":41}}]},"1":{"loc":{"start":{"line":56,"column":16},"end":{"line":56,"column":18}},"type":"default-arg","locations":[{"start":{"line":56,"column":16},"end":{"line":56,"column":18}}]},"2":{"loc":{"start":{"line":57,"column":15},"end":{"line":57,"column":38}},"type":"default-arg","locations":[{"start":{"line":57,"column":15},"end":{"line":57,"column":38}}]},"3":{"loc":{"start":{"line":81,"column":2},"end":{"line":91,"column":null}},"type":"if","locations":[{"start":{"line":81,"column":2},"end":{"line":91,"column":null}},{"start":{"line":81,"column":2},"end":{"line":91,"column":null}}]},"4":{"loc":{"start":{"line":82,"column":4},"end":{"line":82,"column":19}},"type":"binary-expr","locations":[{"start":{"line":82,"column":4},"end":{"line":82,"column":19}},{"start":{"line":83,"column":4},"end":{"line":83,"column":19}},{"start":{"line":84,"column":4},"end":{"line":84,"column":19}},{"start":{"line":85,"column":4},"end":{"line":85,"column":19}},{"start":{"line":86,"column":4},"end":{"line":86,"column":23}},{"start":{"line":87,"column":4},"end":{"line":87,"column":19}},{"start":{"line":88,"column":4},"end":{"line":88,"column":30}}]},"5":{"loc":{"start":{"line":97,"column":38},"end":{"line":97,"column":42}},"type":"cond-expr","locations":[{"start":{"line":97,"column":38},"end":{"line":97,"column":42}},{"start":{"line":97,"column":42},"end":{"line":97,"column":51}}]},"6":{"loc":{"start":{"line":97,"column":6},"end":{"line":97,"column":42}},"type":"binary-expr","locations":[{"start":{"line":97,"column":6},"end":{"line":97,"column":42}},{"start":{"line":97,"column":38},"end":{"line":97,"column":42}}]},"7":{"loc":{"start":{"line":97,"column":31},"end":{"line":97,"column":34}},"type":"cond-expr","locations":[{"start":{"line":97,"column":31},"end":{"line":97,"column":34}},{"start":{"line":97,"column":31},"end":{"line":97,"column":38}}]},"8":{"loc":{"start":{"line":97,"column":6},"end":{"line":97,"column":34}},"type":"binary-expr","locations":[{"start":{"line":97,"column":6},"end":{"line":97,"column":34}},{"start":{"line":97,"column":31},"end":{"line":97,"column":34}}]},"9":{"loc":{"start":{"line":97,"column":19},"end":{"line":97,"column":22}},"type":"cond-expr","locations":[{"start":{"line":97,"column":19},"end":{"line":97,"column":22}},{"start":{"line":97,"column":13},"end":{"line":97,"column":34}}]},"10":{"loc":{"start":{"line":97,"column":13},"end":{"line":97,"column":22}},"type":"binary-expr","locations":[{"start":{"line":97,"column":13},"end":{"line":97,"column":22}},{"start":{"line":97,"column":13},"end":{"line":97,"column":22}}]},"11":{"loc":{"start":{"line":101,"column":4},"end":{"line":105,"column":null}},"type":"if","locations":[{"start":{"line":101,"column":4},"end":{"line":105,"column":null}},{"start":{"line":101,"column":4},"end":{"line":105,"column":null}}]},"12":{"loc":{"start":{"line":122,"column":32},"end":{"line":122,"column":35}},"type":"cond-expr","locations":[{"start":{"line":122,"column":32},"end":{"line":122,"column":35}},{"start":{"line":122,"column":26},"end":{"line":122,"column":48}}]},"13":{"loc":{"start":{"line":122,"column":26},"end":{"line":122,"column":35}},"type":"binary-expr","locations":[{"start":{"line":122,"column":26},"end":{"line":122,"column":35}},{"start":{"line":122,"column":26},"end":{"line":122,"column":35}}]},"14":{"loc":{"start":{"line":124,"column":6},"end":{"line":128,"column":null}},"type":"if","locations":[{"start":{"line":124,"column":6},"end":{"line":128,"column":null}},{"start":{"line":124,"column":6},"end":{"line":128,"column":null}}]},"15":{"loc":{"start":{"line":124,"column":27},"end":{"line":124,"column":29}},"type":"cond-expr","locations":[{"start":{"line":124,"column":27},"end":{"line":124,"column":29}},{"start":{"line":124,"column":27},"end":{"line":124,"column":35}}]},"16":{"loc":{"start":{"line":124,"column":6},"end":{"line":124,"column":29}},"type":"binary-expr","locations":[{"start":{"line":124,"column":6},"end":{"line":124,"column":29}},{"start":{"line":124,"column":27},"end":{"line":124,"column":29}}]},"17":{"loc":{"start":{"line":124,"column":21},"end":{"line":124,"column":23}},"type":"cond-expr","locations":[{"start":{"line":124,"column":21},"end":{"line":124,"column":23}},{"start":{"line":124,"column":10},"end":{"line":124,"column":27}}]},"18":{"loc":{"start":{"line":124,"column":10},"end":{"line":124,"column":23}},"type":"binary-expr","locations":[{"start":{"line":124,"column":10},"end":{"line":124,"column":23}},{"start":{"line":124,"column":10},"end":{"line":124,"column":23}}]},"19":{"loc":{"start":{"line":126,"column":33},"end":{"line":126,"column":35}},"type":"cond-expr","locations":[{"start":{"line":126,"column":33},"end":{"line":126,"column":35}},{"start":{"line":126,"column":33},"end":{"line":126,"column":49}}]},"20":{"loc":{"start":{"line":126,"column":10},"end":{"line":126,"column":35}},"type":"binary-expr","locations":[{"start":{"line":126,"column":10},"end":{"line":126,"column":35}},{"start":{"line":126,"column":33},"end":{"line":126,"column":35}}]},"21":{"loc":{"start":{"line":130,"column":6},"end":{"line":134,"column":null}},"type":"if","locations":[{"start":{"line":130,"column":6},"end":{"line":134,"column":null}},{"start":{"line":130,"column":6},"end":{"line":134,"column":null}}]},"22":{"loc":{"start":{"line":130,"column":30},"end":{"line":130,"column":32}},"type":"cond-expr","locations":[{"start":{"line":130,"column":30},"end":{"line":130,"column":32}},{"start":{"line":130,"column":30},"end":{"line":130,"column":38}}]},"23":{"loc":{"start":{"line":130,"column":6},"end":{"line":130,"column":32}},"type":"binary-expr","locations":[{"start":{"line":130,"column":6},"end":{"line":130,"column":32}},{"start":{"line":130,"column":30},"end":{"line":130,"column":32}}]},"24":{"loc":{"start":{"line":130,"column":21},"end":{"line":130,"column":23}},"type":"cond-expr","locations":[{"start":{"line":130,"column":21},"end":{"line":130,"column":23}},{"start":{"line":130,"column":10},"end":{"line":130,"column":30}}]},"25":{"loc":{"start":{"line":130,"column":10},"end":{"line":130,"column":23}},"type":"binary-expr","locations":[{"start":{"line":130,"column":10},"end":{"line":130,"column":23}},{"start":{"line":130,"column":10},"end":{"line":130,"column":23}}]},"26":{"loc":{"start":{"line":132,"column":38},"end":{"line":132,"column":40}},"type":"cond-expr","locations":[{"start":{"line":132,"column":38},"end":{"line":132,"column":40}},{"start":{"line":132,"column":38},"end":{"line":132,"column":54}}]},"27":{"loc":{"start":{"line":132,"column":17},"end":{"line":132,"column":40}},"type":"binary-expr","locations":[{"start":{"line":132,"column":17},"end":{"line":132,"column":40}},{"start":{"line":132,"column":38},"end":{"line":132,"column":40}}]},"28":{"loc":{"start":{"line":132,"column":29},"end":{"line":132,"column":31}},"type":"cond-expr","locations":[{"start":{"line":132,"column":29},"end":{"line":132,"column":31}},{"start":{"line":132,"column":18},"end":{"line":132,"column":38}}]},"29":{"loc":{"start":{"line":132,"column":18},"end":{"line":132,"column":31}},"type":"binary-expr","locations":[{"start":{"line":132,"column":18},"end":{"line":132,"column":31}},{"start":{"line":132,"column":18},"end":{"line":132,"column":31}}]},"30":{"loc":{"start":{"line":136,"column":21},"end":{"line":136,"column":24}},"type":"cond-expr","locations":[{"start":{"line":136,"column":21},"end":{"line":136,"column":24}},{"start":{"line":136,"column":12},"end":{"line":140,"column":8}}]},"31":{"loc":{"start":{"line":136,"column":12},"end":{"line":136,"column":24}},"type":"binary-expr","locations":[{"start":{"line":136,"column":12},"end":{"line":136,"column":24}},{"start":{"line":136,"column":12},"end":{"line":136,"column":24}}]},"32":{"loc":{"start":{"line":142,"column":6},"end":{"line":145,"column":null}},"type":"if","locations":[{"start":{"line":142,"column":6},"end":{"line":145,"column":null}},{"start":{"line":142,"column":6},"end":{"line":145,"column":null}}]},"33":{"loc":{"start":{"line":151,"column":6},"end":{"line":158,"column":null}},"type":"if","locations":[{"start":{"line":151,"column":6},"end":{"line":158,"column":null}},{"start":{"line":151,"column":6},"end":{"line":158,"column":null}}]},"34":{"loc":{"start":{"line":154,"column":8},"end":{"line":157,"column":null}},"type":"if","locations":[{"start":{"line":154,"column":8},"end":{"line":157,"column":null}},{"start":{"line":154,"column":8},"end":{"line":157,"column":null}}]},"35":{"loc":{"start":{"line":161,"column":6},"end":{"line":168,"column":null}},"type":"if","locations":[{"start":{"line":161,"column":6},"end":{"line":168,"column":null}},{"start":{"line":161,"column":6},"end":{"line":168,"column":null}}]},"36":{"loc":{"start":{"line":163,"column":34},"end":{"line":163,"column":36}},"type":"cond-expr","locations":[{"start":{"line":163,"column":34},"end":{"line":163,"column":36}},{"start":{"line":163,"column":34},"end":{"line":163,"column":40}}]},"37":{"loc":{"start":{"line":163,"column":21},"end":{"line":163,"column":36}},"type":"binary-expr","locations":[{"start":{"line":163,"column":21},"end":{"line":163,"column":36}},{"start":{"line":163,"column":34},"end":{"line":163,"column":36}}]},"38":{"loc":{"start":{"line":165,"column":8},"end":{"line":167,"column":null}},"type":"if","locations":[{"start":{"line":165,"column":8},"end":{"line":167,"column":null}},{"start":{"line":165,"column":8},"end":{"line":167,"column":null}}]},"39":{"loc":{"start":{"line":180,"column":50},"end":{"line":180,"column":null}},"type":"cond-expr","locations":[{"start":{"line":180,"column":50},"end":{"line":180,"column":null}},{"start":{"line":181,"column":8},"end":{"line":181,"column":36}}]},"40":{"loc":{"start":{"line":179,"column":31},"end":{"line":180,"column":null}},"type":"binary-expr","locations":[{"start":{"line":179,"column":31},"end":{"line":180,"column":null}},{"start":{"line":180,"column":50},"end":{"line":180,"column":null}}]},"41":{"loc":{"start":{"line":180,"column":37},"end":{"line":180,"column":40}},"type":"cond-expr","locations":[{"start":{"line":180,"column":37},"end":{"line":180,"column":40}},{"start":{"line":180,"column":37},"end":{"line":180,"column":null}}]},"42":{"loc":{"start":{"line":179,"column":31},"end":{"line":180,"column":40}},"type":"binary-expr","locations":[{"start":{"line":179,"column":31},"end":{"line":180,"column":40}},{"start":{"line":180,"column":37},"end":{"line":180,"column":40}}]},"43":{"loc":{"start":{"line":180,"column":19},"end":{"line":180,"column":21}},"type":"cond-expr","locations":[{"start":{"line":180,"column":19},"end":{"line":180,"column":21}},{"start":{"line":180,"column":8},"end":{"line":180,"column":37}}]},"44":{"loc":{"start":{"line":180,"column":8},"end":{"line":180,"column":21}},"type":"binary-expr","locations":[{"start":{"line":180,"column":8},"end":{"line":180,"column":21}},{"start":{"line":180,"column":8},"end":{"line":180,"column":21}}]},"45":{"loc":{"start":{"line":186,"column":12},"end":{"line":191,"column":19}},"type":"switch","locations":[{"start":{"line":186,"column":12},"end":{"line":191,"column":19}},{"start":{"line":192,"column":12},"end":{"line":198,"column":null}},{"start":{"line":199,"column":12},"end":{"line":201,"column":19}},{"start":{"line":202,"column":12},"end":{"line":208,"column":19}},{"start":{"line":209,"column":12},"end":{"line":214,"column":19}}]},"46":{"loc":{"start":{"line":217,"column":10},"end":{"line":221,"column":null}},"type":"if","locations":[{"start":{"line":217,"column":10},"end":{"line":221,"column":null}},{"start":{"line":217,"column":10},"end":{"line":221,"column":null}}]},"47":{"loc":{"start":{"line":217,"column":14},"end":{"line":217,"column":33}},"type":"binary-expr","locations":[{"start":{"line":217,"column":14},"end":{"line":217,"column":33}},{"start":{"line":217,"column":37},"end":{"line":217,"column":62}}]},"48":{"loc":{"start":{"line":225,"column":27},"end":{"line":225,"column":31}},"type":"cond-expr","locations":[{"start":{"line":225,"column":27},"end":{"line":225,"column":31}},{"start":{"line":225,"column":27},"end":{"line":225,"column":20}}]},"49":{"loc":{"start":{"line":225,"column":6},"end":{"line":225,"column":31}},"type":"binary-expr","locations":[{"start":{"line":225,"column":6},"end":{"line":225,"column":31}},{"start":{"line":225,"column":27},"end":{"line":225,"column":31}}]},"50":{"loc":{"start":{"line":229,"column":21},"end":{"line":229,"column":24}},"type":"cond-expr","locations":[{"start":{"line":229,"column":21},"end":{"line":229,"column":24}},{"start":{"line":229,"column":12},"end":{"line":229,"column":33}}]},"51":{"loc":{"start":{"line":229,"column":12},"end":{"line":229,"column":24}},"type":"binary-expr","locations":[{"start":{"line":229,"column":12},"end":{"line":229,"column":24}},{"start":{"line":229,"column":12},"end":{"line":229,"column":24}}]},"52":{"loc":{"start":{"line":231,"column":19},"end":{"line":231,"column":22}},"type":"cond-expr","locations":[{"start":{"line":231,"column":19},"end":{"line":231,"column":22}},{"start":{"line":231,"column":12},"end":{"line":231,"column":34}}]},"53":{"loc":{"start":{"line":231,"column":12},"end":{"line":231,"column":22}},"type":"binary-expr","locations":[{"start":{"line":231,"column":12},"end":{"line":231,"column":22}},{"start":{"line":231,"column":12},"end":{"line":231,"column":22}}]},"54":{"loc":{"start":{"line":232,"column":6},"end":{"line":236,"column":null}},"type":"if","locations":[{"start":{"line":232,"column":6},"end":{"line":236,"column":null}},{"start":{"line":232,"column":6},"end":{"line":236,"column":null}}]},"55":{"loc":{"start":{"line":238,"column":30},"end":{"line":238,"column":34}},"type":"cond-expr","locations":[{"start":{"line":238,"column":30},"end":{"line":238,"column":34}},{"start":{"line":238,"column":30},"end":{"line":238,"column":20}}]},"56":{"loc":{"start":{"line":238,"column":6},"end":{"line":238,"column":34}},"type":"binary-expr","locations":[{"start":{"line":238,"column":6},"end":{"line":238,"column":34}},{"start":{"line":238,"column":30},"end":{"line":238,"column":34}}]}},"s":{"0":2,"1":2,"2":2,"3":2,"4":2,"5":2,"6":43,"7":1,"8":42,"9":42,"10":42,"11":42,"12":73,"13":42,"14":42,"15":3,"16":3,"17":3,"18":39,"19":39,"20":39,"21":39,"22":39,"23":1,"24":5,"25":39,"26":1,"27":5,"28":39,"29":37,"30":3,"31":3,"32":34,"33":34,"34":34,"35":17,"36":17,"37":2,"38":2,"39":34,"40":18,"41":18,"42":18,"43":17,"44":34,"45":34,"46":34,"47":34,"48":34,"49":34,"50":8,"51":6,"52":17,"53":17,"54":2,"55":2,"56":4,"57":3,"58":3,"59":2,"60":4,"61":1,"62":3,"63":34,"64":34,"65":31,"66":5,"67":5,"68":4,"69":1,"70":39,"71":39,"72":42,"73":2},"f":{"0":43,"1":42,"2":42,"3":73,"4":5,"5":5,"6":18,"7":34,"8":34},"b":{"0":[42],"1":[43],"2":[43],"3":[1,42],"4":[43,42,42,42,42,42,42],"5":[17,56],"6":[73,73],"7":[53,20],"8":[73,73],"9":[19,54],"10":[73,73],"11":[3,39],"12":[19,20],"13":[39,39],"14":[1,38],"15":[38,1],"16":[39,39],"17":[36,3],"18":[39,39],"19":[0,5],"20":[5,5],"21":[1,38],"22":[38,1],"23":[39,39],"24":[36,3],"25":[39,39],"26":[0,5],"27":[5,5],"28":[0,5],"29":[5,5],"30":[36,3],"31":[39,39],"32":[3,34],"33":[17,17],"34":[2,15],"35":[18,16],"36":[0,18],"37":[18,18],"38":[17,1],"39":[0,34],"40":[34,34],"41":[33,1],"42":[34,34],"43":[33,1],"44":[34,34],"45":[8,17,2,4,3],"46":[1,3],"47":[4,4],"48":[16,18],"49":[34,34],"50":[30,1],"51":[31,31],"52":[3,2],"53":[5,5],"54":[4,1],"55":[21,18],"56":[39,39]}}
,"/Users/hugofoyart/PremierOctet/next-crud/src/httpError.ts": {"path":"/Users/hugofoyart/PremierOctet/next-crud/src/httpError.ts","statementMap":{"0":{"start":{"line":1,"column":0},"end":{"line":1,"column":28}},"1":{"start":{"line":7,"column":4},"end":{"line":7,"column":null}},"2":{"start":{"line":8,"column":4},"end":{"line":8,"column":null}},"3":{"start":{"line":9,"column":4},"end":{"line":9,"column":null}},"4":{"start":{"line":3,"column":0},"end":{"line":3,"column":21}}},"fnMap":{"0":{"name":"(anonymous_6)","decl":{"start":{"line":6,"column":2},"end":{"line":6,"column":14}},"loc":{"start":{"line":6,"column":44},"end":{"line":10,"column":3}}}},"branchMap":{},"s":{"0":2,"1":4,"2":4,"3":4,"4":2},"f":{"0":4},"b":{}}
,"/Users/hugofoyart/PremierOctet/next-crud/src/queryParser.ts": {"path":"/Users/hugofoyart/PremierOctet/next-crud/src/queryParser.ts","statementMap":{"0":{"start":{"line":1,"column":0},"end":{"line":1,"column":24}},"1":{"start":{"line":2,"column":0},"end":{"line":2,"column":28}},"2":{"start":{"line":10,"column":23},"end":{"line":24,"column":1}},"3":{"start":{"line":11,"column":2},"end":{"line":21,"column":null}},"4":{"start":{"line":12,"column":42},"end":{"line":12,"column":44}},"5":{"start":{"line":14,"column":19},"end":{"line":14,"column":36}},"6":{"start":{"line":16,"column":4},"end":{"line":18,"column":null}},"7":{"start":{"line":17,"column":6},"end":{"line":17,"column":null}},"8":{"start":{"line":20,"column":4},"end":{"line":20,"column":null}},"9":{"start":{"line":23,"column":2},"end":{"line":23,"column":null}},"10":{"start":{"line":26,"column":19},"end":{"line":35,"column":1}},"11":{"start":{"line":27,"column":19},"end":{"line":27,"column":36}},"12":{"start":{"line":28,"column":30},"end":{"line":28,"column":32}},"13":{"start":{"line":30,"column":2},"end":{"line":32,"column":null}},"14":{"start":{"line":31,"column":4},"end":{"line":31,"column":null}},"15":{"start":{"line":34,"column":2},"end":{"line":34,"column":null}},"16":{"start":{"line":37,"column":21},"end":{"line":56,"column":1}},"17":{"start":{"line":38,"column":32},"end":{"line":38,"column":34}},"18":{"start":{"line":39,"column":21},"end":{"line":39,"column":40}},"19":{"start":{"line":41,"column":2},"end":{"line":47,"column":null}},"20":{"start":{"line":42,"column":16},"end":{"line":42,"column":42}},"21":{"start":{"line":44,"column":4},"end":{"line":46,"column":null}},"22":{"start":{"line":45,"column":6},"end":{"line":45,"column":null}},"23":{"start":{"line":49,"column":2},"end":{"line":53,"column":null}},"24":{"start":{"line":50,"column":4},"end":{"line":52,"column":null}},"25":{"start":{"line":55,"column":2},"end":{"line":55,"column":null}},"26":{"start":{"line":58,"column":26},"end":{"line":96,"column":1}},"27":{"start":{"line":59,"column":2},"end":{"line":93,"column":null}},"28":{"start":{"line":60,"column":18},"end":{"line":60,"column":39}},"29":{"start":{"line":61,"column":44},"end":{"line":61,"column":46}},"30":{"start":{"line":62,"column":4},"end":{"line":64,"column":null}},"31":{"start":{"line":63,"column":6},"end":{"line":63,"column":null}},"32":{"start":{"line":65,"column":4},"end":{"line":67,"column":null}},"33":{"start":{"line":66,"column":6},"end":{"line":66,"column":null}},"34":{"start":{"line":68,"column":4},"end":{"line":70,"column":null}},"35":{"start":{"line":69,"column":6},"end":{"line":69,"column":null}},"36":{"start":{"line":71,"column":4},"end":{"line":73,"column":null}},"37":{"start":{"line":72,"column":6},"end":{"line":72,"column":null}},"38":{"start":{"line":74,"column":4},"end":{"line":78,"column":null}},"39":{"start":{"line":75,"column":6},"end":{"line":77,"column":null}},"40":{"start":{"line":79,"column":4},"end":{"line":81,"column":null}},"41":{"start":{"line":80,"column":6},"end":{"line":80,"column":null}},"42":{"start":{"line":82,"column":4},"end":{"line":84,"column":null}},"43":{"start":{"line":83,"column":6},"end":{"line":83,"column":null}},"44":{"start":{"line":85,"column":4},"end":{"line":87,"column":null}},"45":{"start":{"line":86,"column":6},"end":{"line":86,"column":null}},"46":{"start":{"line":89,"column":4},"end":{"line":91,"column":null}},"47":{"start":{"line":95,"column":2},"end":{"line":95,"column":null}},"48":{"start":{"line":58,"column":13},"end":{"line":58,"column":26}}},"fnMap":{"0":{"name":"(anonymous_7)","decl":{"start":{"line":10,"column":23},"end":{"line":10,"column":24}},"loc":{"start":{"line":10,"column":59},"end":{"line":24,"column":1}}},"1":{"name":"(anonymous_8)","decl":{"start":{"line":16,"column":19},"end":{"line":16,"column":20}},"loc":{"start":{"line":16,"column":29},"end":{"line":18,"column":5}}},"2":{"name":"(anonymous_9)","decl":{"start":{"line":26,"column":19},"end":{"line":26,"column":20}},"loc":{"start":{"line":26,"column":50},"end":{"line":35,"column":1}}},"3":{"name":"(anonymous_10)","decl":{"start":{"line":30,"column":32},"end":{"line":30,"column":33}},"loc":{"start":{"line":30,"column":40},"end":{"line":32,"column":3}}},"4":{"name":"(anonymous_11)","decl":{"start":{"line":37,"column":21},"end":{"line":37,"column":22}},"loc":{"start":{"line":37,"column":56},"end":{"line":56,"column":1}}},"5":{"name":"(anonymous_12)","decl":{"start":{"line":58,"column":26},"end":{"line":58,"column":27}},"loc":{"start":{"line":58,"column":71},"end":{"line":96,"column":1}}}},"branchMap":{"0":{"loc":{"start":{"line":11,"column":2},"end":{"line":21,"column":null}},"type":"if","locations":[{"start":{"line":11,"column":2},"end":{"line":21,"column":null}},{"start":{"line":11,"column":2},"end":{"line":21,"column":null}}]},"1":{"loc":{"start":{"line":41,"column":2},"end":{"line":47,"column":null}},"type":"if","locations":[{"start":{"line":41,"column":2},"end":{"line":47,"column":null}},{"start":{"line":41,"column":2},"end":{"line":47,"column":null}}]},"2":{"loc":{"start":{"line":44,"column":4},"end":{"line":46,"column":null}},"type":"if","locations":[{"start":{"line":44,"column":4},"end":{"line":46,"column":null}},{"start":{"line":44,"column":4},"end":{"line":46,"column":null}}]},"3":{"loc":{"start":{"line":44,"column":8},"end":{"line":44,"column":34}},"type":"binary-expr","locations":[{"start":{"line":44,"column":8},"end":{"line":44,"column":34}},{"start":{"line":44,"column":38},"end":{"line":44,"column":65}}]},"4":{"loc":{"start":{"line":49,"column":2},"end":{"line":53,"column":null}},"type":"if","locations":[{"start":{"line":49,"column":2},"end":{"line":53,"column":null}},{"start":{"line":49,"column":2},"end":{"line":53,"column":null}}]},"5":{"loc":{"start":{"line":59,"column":2},"end":{"line":93,"column":null}},"type":"if","locations":[{"start":{"line":59,"column":2},"end":{"line":93,"column":null}},{"start":{"line":59,"column":2},"end":{"line":93,"column":null}}]},"6":{"loc":{"start":{"line":62,"column":4},"end":{"line":64,"column":null}},"type":"if","locations":[{"start":{"line":62,"column":4},"end":{"line":64,"column":null}},{"start":{"line":62,"column":4},"end":{"line":64,"column":null}}]},"7":{"loc":{"start":{"line":65,"column":4},"end":{"line":67,"column":null}},"type":"if","locations":[{"start":{"line":65,"column":4},"end":{"line":67,"column":null}},{"start":{"line":65,"column":4},"end":{"line":67,"column":null}}]},"8":{"loc":{"start":{"line":68,"column":4},"end":{"line":70,"column":null}},"type":"if","locations":[{"start":{"line":68,"column":4},"end":{"line":70,"column":null}},{"start":{"line":68,"column":4},"end":{"line":70,"column":null}}]},"9":{"loc":{"start":{"line":71,"column":4},"end":{"line":73,"column":null}},"type":"if","locations":[{"start":{"line":71,"column":4},"end":{"line":73,"column":null}},{"start":{"line":71,"column":4},"end":{"line":73,"column":null}}]},"10":{"loc":{"start":{"line":74,"column":4},"end":{"line":78,"column":null}},"type":"if","locations":[{"start":{"line":74,"column":4},"end":{"line":78,"column":null}},{"start":{"line":74,"column":4},"end":{"line":78,"column":null}}]},"11":{"loc":{"start":{"line":76,"column":10},"end":{"line":76,"column":22}},"type":"cond-expr","locations":[{"start":{"line":76,"column":10},"end":{"line":76,"column":22}},{"start":{"line":77,"column":10},"end":{"line":77,"column":19}}]},"12":{"loc":{"start":{"line":79,"column":4},"end":{"line":81,"column":null}},"type":"if","locations":[{"start":{"line":79,"column":4},"end":{"line":81,"column":null}},{"start":{"line":79,"column":4},"end":{"line":81,"column":null}}]},"13":{"loc":{"start":{"line":80,"column":56},"end":{"line":80,"column":67}},"type":"cond-expr","locations":[{"start":{"line":80,"column":56},"end":{"line":80,"column":67}},{"start":{"line":80,"column":70},"end":{"line":80,"column":79}}]},"14":{"loc":{"start":{"line":82,"column":4},"end":{"line":84,"column":null}},"type":"if","locations":[{"start":{"line":82,"column":4},"end":{"line":84,"column":null}},{"start":{"line":82,"column":4},"end":{"line":84,"column":null}}]},"15":{"loc":{"start":{"line":85,"column":4},"end":{"line":87,"column":null}},"type":"if","locations":[{"start":{"line":85,"column":4},"end":{"line":87,"column":null}},{"start":{"line":85,"column":4},"end":{"line":87,"column":null}}]},"16":{"loc":{"start":{"line":86,"column":56},"end":{"line":86,"column":67}},"type":"cond-expr","locations":[{"start":{"line":86,"column":56},"end":{"line":86,"column":67}},{"start":{"line":86,"column":70},"end":{"line":86,"column":79}}]}},"s":{"0":3,"1":3,"2":3,"3":12,"4":11,"5":11,"6":11,"7":28,"8":11,"9":1,"10":3,"11":6,"12":6,"13":6,"14":6,"15":6,"16":3,"17":3,"18":3,"19":3,"20":2,"21":2,"22":1,"23":3,"24":2,"25":1,"26":3,"27":52,"28":33,"29":33,"30":33,"31":9,"32":32,"33":3,"34":32,"35":6,"36":32,"37":3,"38":30,"39":6,"40":30,"41":3,"42":30,"43":1,"44":30,"45":2,"46":30,"47":19,"48":3},"f":{"0":12,"1":28,"2":6,"3":6,"4":3,"5":52},"b":{"0":[11,1],"1":[2,1],"2":[1,1],"3":[2,1],"4":[2,1],"5":[33,19],"6":[9,24],"7":[3,29],"8":[6,26],"9":[3,29],"10":[6,24],"11":[5,1],"12":[3,27],"13":[2,1],"14":[1,29],"15":[2,28],"16":[2,0]}}
,"/Users/hugofoyart/PremierOctet/next-crud/src/types.ts": {"path":"/Users/hugofoyart/PremierOctet/next-crud/src/types.ts","statementMap":{"0":{"start":{"line":3,"column":0},"end":{"line":3,"column":null}},"1":{"start":{"line":4,"column":2},"end":{"line":4,"column":null}},"2":{"start":{"line":5,"column":2},"end":{"line":5,"column":null}},"3":{"start":{"line":6,"column":2},"end":{"line":6,"column":null}},"4":{"start":{"line":7,"column":2},"end":{"line":7,"column":null}},"5":{"start":{"line":8,"column":2},"end":{"line":8,"column":null}}},"fnMap":{"0":{"name":"(anonymous_0)","decl":{"start":{"line":3,"column":0},"end":{"line":3,"column":12}},"loc":{"start":{"line":3,"column":21},"end":{"line":9,"column":1}}}},"branchMap":{"0":{"loc":{"start":{"line":3,"column":12},"end":{"line":3,"column":21}},"type":"binary-expr","locations":[{"start":{"line":3,"column":12},"end":{"line":3,"column":21}},{"start":{"line":3,"column":12},"end":{"line":3,"column":null}}]}},"s":{"0":5,"1":5,"2":5,"3":5,"4":5,"5":5},"f":{"0":5},"b":{"0":[5,5]}}
,"/Users/hugofoyart/PremierOctet/next-crud/src/utils.ts": {"path":"/Users/hugofoyart/PremierOctet/next-crud/src/utils.ts","statementMap":{"0":{"start":{"line":1,"column":0},"end":{"line":1,"column":38}},"1":{"start":{"line":2,"column":0},"end":{"line":2,"column":null}},"2":{"start":{"line":24,"column":28},"end":{"line":110,"column":1}},"3":{"start":{"line":30,"column":19},"end":{"line":30,"column":36}},"4":{"start":{"line":32,"column":2},"end":{"line":36,"column":null}},"5":{"start":{"line":33,"column":4},"end":{"line":35,"column":null}},"6":{"start":{"line":38,"column":24},"end":{"line":40,"column":null}},"7":{"start":{"line":42,"column":24},"end":{"line":44,"column":4}},"8":{"start":{"line":46,"column":2},"end":{"line":109,"column":null}},"9":{"start":{"line":48,"column":24},"end":{"line":48,"column":47}},"10":{"start":{"line":51,"column":6},"end":{"line":56,"column":null}},"11":{"start":{"line":52,"column":8},"end":{"line":55,"column":null}},"12":{"start":{"line":58,"column":6},"end":{"line":60,"column":null}},"13":{"start":{"line":63,"column":24},"end":{"line":63,"column":47}},"14":{"start":{"line":65,"column":6},"end":{"line":69,"column":null}},"15":{"start":{"line":66,"column":8},"end":{"line":68,"column":null}},"16":{"start":{"line":71,"column":6},"end":{"line":73,"column":null}},"17":{"start":{"line":77,"column":24},"end":{"line":77,"column":47}},"18":{"start":{"line":79,"column":6},"end":{"line":84,"column":null}},"19":{"start":{"line":80,"column":8},"end":{"line":83,"column":null}},"20":{"start":{"line":86,"column":6},"end":{"line":88,"column":null}},"21":{"start":{"line":91,"column":24},"end":{"line":91,"column":47}},"22":{"start":{"line":93,"column":6},"end":{"line":98,"column":null}},"23":{"start":{"line":94,"column":8},"end":{"line":97,"column":null}},"24":{"start":{"line":100,"column":6},"end":{"line":102,"column":null}},"25":{"start":{"line":105,"column":6},"end":{"line":107,"column":null}},"26":{"start":{"line":24,"column":13},"end":{"line":24,"column":28}},"27":{"start":{"line":112,"column":32},"end":{"line":114,"column":1}},"28":{"start":{"line":113,"column":2},"end":{"line":113,"column":null}},"29":{"start":{"line":112,"column":13},"end":{"line":112,"column":32}},"30":{"start":{"line":116,"column":23},"end":{"line":116,"column":54}},"31":{"start":{"line":118,"column":27},"end":{"line":120,"column":1}},"32":{"start":{"line":119,"column":2},"end":{"line":119,"column":null}},"33":{"start":{"line":118,"column":13},"end":{"line":118,"column":27}},"34":{"start":{"line":122,"column":34},"end":{"line":146,"column":null}},"35":{"start":{"line":125,"column":4},"end":{"line":146,"column":null}},"36":{"start":{"line":126,"column":27},"end":{"line":126,"column":79}},"37":{"start":{"line":126,"column":54},"end":{"line":126,"column":78}},"38":{"start":{"line":127,"column":18},"end":{"line":127,"column":20}},"39":{"start":{"line":129,"column":17},"end":{"line":143,"column":null}},"40":{"start":{"line":129,"column":41},"end":{"line":143,"column":null}},"41":{"start":{"line":135,"column":4},"end":{"line":135,"column":null}},"42":{"start":{"line":136,"column":15},"end":{"line":136,"column":38}},"43":{"start":{"line":138,"column":4},"end":{"line":142,"column":null}},"44":{"start":{"line":139,"column":6},"end":{"line":141,"column":null}},"45":{"start":{"line":140,"column":8},"end":{"line":140,"column":null}},"46":{"start":{"line":145,"column":2},"end":{"line":145,"column":null}},"47":{"start":{"line":122,"column":13},"end":{"line":122,"column":34}},"48":{"start":{"line":148,"column":36},"end":{"line":164,"column":1}},"49":{"start":{"line":152,"column":2},"end":{"line":161,"column":null}},"50":{"start":{"line":153,"column":4},"end":{"line":155,"column":null}},"51":{"start":{"line":154,"column":6},"end":{"line":154,"column":null}},"52":{"start":{"line":157,"column":4},"end":{"line":160,"column":null}},"53":{"start":{"line":163,"column":2},"end":{"line":163,"column":null}},"54":{"start":{"line":148,"column":13},"end":{"line":148,"column":36}},"55":{"start":{"line":166,"column":38},"end":{"line":172,"column":1}},"56":{"start":{"line":170,"column":2},"end":{"line":170,"column":null}},"57":{"start":{"line":171,"column":2},"end":{"line":171,"column":null}},"58":{"start":{"line":166,"column":13},"end":{"line":166,"column":38}},"59":{"start":{"line":174,"column":31},"end":{"line":176,"column":1}},"60":{"start":{"line":175,"column":2},"end":{"line":175,"column":null}},"61":{"start":{"line":174,"column":13},"end":{"line":174,"column":31}},"62":{"start":{"line":178,"column":38},"end":{"line":188,"column":1}},"63":{"start":{"line":182,"column":19},"end":{"line":182,"column":36}},"64":{"start":{"line":183,"column":23},"end":{"line":185,"column":4}},"65":{"start":{"line":184,"column":4},"end":{"line":184,"column":null}},"66":{"start":{"line":187,"column":2},"end":{"line":187,"column":null}},"67":{"start":{"line":178,"column":13},"end":{"line":178,"column":38}}},"fnMap":{"0":{"name":"(anonymous_7)","decl":{"start":{"line":24,"column":28},"end":{"line":24,"column":29}},"loc":{"start":{"line":28,"column":46},"end":{"line":110,"column":1}}},"1":{"name":"(anonymous_8)","decl":{"start":{"line":112,"column":32},"end":{"line":112,"column":33}},"loc":{"start":{"line":112,"column":72},"end":{"line":114,"column":1}}},"2":{"name":"(anonymous_9)","decl":{"start":{"line":118,"column":27},"end":{"line":118,"column":28}},"loc":{"start":{"line":118,"column":51},"end":{"line":120,"column":1}}},"3":{"name":"(anonymous_10)","decl":{"start":{"line":122,"column":34},"end":{"line":122,"column":null}},"loc":{"start":{"line":125,"column":4},"end":{"line":146,"column":null}}},"4":{"name":"(anonymous_11)","decl":{"start":{"line":125,"column":4},"end":{"line":125,"column":null}},"loc":{"start":{"line":125,"column":4},"end":{"line":146,"column":1}}},"5":{"name":"(anonymous_12)","decl":{"start":{"line":126,"column":46},"end":{"line":126,"column":47}},"loc":{"start":{"line":126,"column":54},"end":{"line":126,"column":78}}},"6":{"name":"(anonymous_13)","decl":{"start":{"line":129,"column":17},"end":{"line":129,"column":24}},"loc":{"start":{"line":129,"column":41},"end":{"line":143,"column":null}}},"7":{"name":"(anonymous_14)","decl":{"start":{"line":129,"column":41},"end":{"line":129,"column":null}},"loc":{"start":{"line":129,"column":41},"end":{"line":143,"column":3}}},"8":{"name":"(anonymous_15)","decl":{"start":{"line":139,"column":20},"end":{"line":139,"column":23}},"loc":{"start":{"line":139,"column":25},"end":{"line":141,"column":7}}},"9":{"name":"(anonymous_16)","decl":{"start":{"line":148,"column":36},"end":{"line":148,"column":null}},"loc":{"start":{"line":151,"column":31},"end":{"line":164,"column":1}}},"10":{"name":"(anonymous_17)","decl":{"start":{"line":166,"column":38},"end":{"line":166,"column":null}},"loc":{"start":{"line":169,"column":4},"end":{"line":172,"column":1}}},"11":{"name":"(anonymous_18)","decl":{"start":{"line":174,"column":31},"end":{"line":174,"column":32}},"loc":{"start":{"line":174,"column":47},"end":{"line":176,"column":1}}},"12":{"name":"(anonymous_19)","decl":{"start":{"line":178,"column":38},"end":{"line":178,"column":null}},"loc":{"start":{"line":181,"column":4},"end":{"line":188,"column":1}}},"13":{"name":"(anonymous_20)","decl":{"start":{"line":183,"column":35},"end":{"line":183,"column":36}},"loc":{"start":{"line":183,"column":45},"end":{"line":185,"column":3}}}},"branchMap":{"0":{"loc":{"start":{"line":32,"column":2},"end":{"line":36,"column":null}},"type":"if","locations":[{"start":{"line":32,"column":2},"end":{"line":36,"column":null}},{"start":{"line":32,"column":2},"end":{"line":36,"column":null}}]},"1":{"loc":{"start":{"line":47,"column":4},"end":{"line":61,"column":null}},"type":"switch","locations":[{"start":{"line":47,"column":4},"end":{"line":61,"column":null}},{"start":{"line":62,"column":4},"end":{"line":74,"column":null}},{"start":{"line":75,"column":4},"end":{"line":75,"column":15}},{"start":{"line":76,"column":4},"end":{"line":89,"column":null}},{"start":{"line":90,"column":4},"end":{"line":103,"column":null}},{"start":{"line":104,"column":4},"end":{"line":108,"column":null}}]},"2":{"loc":{"start":{"line":51,"column":6},"end":{"line":56,"column":null}},"type":"if","locations":[{"start":{"line":51,"column":6},"end":{"line":56,"column":null}},{"start":{"line":51,"column":6},"end":{"line":56,"column":null}}]},"3":{"loc":{"start":{"line":51,"column":10},"end":{"line":51,"column":19}},"type":"binary-expr","locations":[{"start":{"line":51,"column":10},"end":{"line":51,"column":19}},{"start":{"line":51,"column":23},"end":{"line":51,"column":42}}]},"4":{"loc":{"start":{"line":65,"column":6},"end":{"line":69,"column":null}},"type":"if","locations":[{"start":{"line":65,"column":6},"end":{"line":69,"column":null}},{"start":{"line":65,"column":6},"end":{"line":69,"column":null}}]},"5":{"loc":{"start":{"line":79,"column":6},"end":{"line":84,"column":null}},"type":"if","locations":[{"start":{"line":79,"column":6},"end":{"line":84,"column":null}},{"start":{"line":79,"column":6},"end":{"line":84,"column":null}}]},"6":{"loc":{"start":{"line":79,"column":10},"end":{"line":79,"column":19}},"type":"binary-expr","locations":[{"start":{"line":79,"column":10},"end":{"line":79,"column":19}},{"start":{"line":79,"column":23},"end":{"line":79,"column":42}}]},"7":{"loc":{"start":{"line":93,"column":6},"end":{"line":98,"column":null}},"type":"if","locations":[{"start":{"line":93,"column":6},"end":{"line":98,"column":null}},{"start":{"line":93,"column":6},"end":{"line":98,"column":null}}]},"8":{"loc":{"start":{"line":93,"column":10},"end":{"line":93,"column":19}},"type":"binary-expr","locations":[{"start":{"line":93,"column":10},"end":{"line":93,"column":19}},{"start":{"line":93,"column":23},"end":{"line":93,"column":42}}]},"9":{"loc":{"start":{"line":113,"column":45},"end":{"line":113,"column":56}},"type":"cond-expr","locations":[{"start":{"line":113,"column":45},"end":{"line":113,"column":56}},{"start":{"line":113,"column":59},"end":{"line":113,"column":69}}]},"10":{"loc":{"start":{"line":138,"column":4},"end":{"line":142,"column":null}},"type":"if","locations":[{"start":{"line":138,"column":4},"end":{"line":142,"column":null}},{"start":{"line":138,"column":4},"end":{"line":142,"column":null}}]},"11":{"loc":{"start":{"line":152,"column":2},"end":{"line":161,"column":null}},"type":"if","locations":[{"start":{"line":152,"column":2},"end":{"line":161,"column":null}},{"start":{"line":152,"column":2},"end":{"line":161,"column":null}}]},"12":{"loc":{"start":{"line":153,"column":4},"end":{"line":155,"column":null}},"type":"if","locations":[{"start":{"line":153,"column":4},"end":{"line":155,"column":null}},{"start":{"line":153,"column":4},"end":{"line":155,"column":null}}]},"13":{"loc":{"start":{"line":159,"column":15},"end":{"line":159,"column":26}},"type":"binary-expr","locations":[{"start":{"line":159,"column":15},"end":{"line":159,"column":26}},{"start":{"line":159,"column":30},"end":{"line":159,"column":54}}]},"14":{"loc":{"start":{"line":184,"column":11},"end":{"line":184,"column":35}},"type":"binary-expr","locations":[{"start":{"line":184,"column":11},"end":{"line":184,"column":35}},{"start":{"line":184,"column":39},"end":{"line":184,"column":80}}]}},"s":{"0":5,"1":5,"2":5,"3":57,"4":57,"5":2,"6":55,"7":55,"8":55,"9":33,"10":33,"11":14,"12":19,"13":5,"14":5,"15":4,"16":1,"17":10,"18":10,"19":8,"20":2,"21":6,"22":6,"23":5,"24":1,"25":1,"26":5,"27":5,"28":35,"29":5,"30":5,"31":5,"32":43,"33":5,"34":5,"35":32,"36":32,"37":34,"38":32,"39":32,"40":34,"41":34,"42":34,"43":34,"44":34,"45":2,"46":32,"47":5,"48":5,"49":19,"50":4,"51":1,"52":3,"53":15,"54":5,"55":5,"56":3,"57":3,"58":5,"59":5,"60":1,"61":5,"62":5,"63":43,"64":43,"65":40,"66":43,"67":5},"f":{"0":57,"1":35,"2":43,"3":32,"4":32,"5":34,"6":34,"7":34,"8":2,"9":19,"10":3,"11":1,"12":43,"13":40},"b":{"0":[2,55],"1":[33,5,5,10,6,1],"2":[14,19],"3":[33,30],"4":[4,1],"5":[8,2],"6":[10,10],"7":[5,1],"8":[6,6],"9":[5,30],"10":[34,0],"11":[4,15],"12":[1,3],"13":[3,1],"14":[40,0]}}
,"/Users/hugofoyart/PremierOctet/next-crud/src/adapters/prisma/index.ts": {"path":"/Users/hugofoyart/PremierOctet/next-crud/src/adapters/prisma/index.ts","statementMap":{"0":{"start":{"line":1,"column":0},"end":{"line":1,"column":null}},"1":{"start":{"line":14,"column":0},"end":{"line":14,"column":39}},"2":{"start":{"line":17,"column":0},"end":{"line":17,"column":55}},"3":{"start":{"line":18,"column":0},"end":{"line":18,"column":57}},"4":{"start":{"line":19,"column":0},"end":{"line":19,"column":66}},"5":{"start":{"line":20,"column":0},"end":{"line":20,"column":53}},"6":{"start":{"line":73,"column":4},"end":{"line":73,"column":null}},"7":{"start":{"line":74,"column":4},"end":{"line":74,"column":null}},"8":{"start":{"line":75,"column":4},"end":{"line":75,"column":null}},"9":{"start":{"line":76,"column":4},"end":{"line":80,"column":61}},"10":{"start":{"line":87,"column":26},"end":{"line":90,"column":6}},"11":{"start":{"line":92,"column":4},"end":{"line":96,"column":null}},"12":{"start":{"line":100,"column":4},"end":{"line":100,"column":null}},"13":{"start":{"line":101,"column":4},"end":{"line":114,"column":null}},"14":{"start":{"line":105,"column":6},"end":{"line":108,"column":null}},"15":{"start":{"line":110,"column":6},"end":{"line":113,"column":null}},"16":{"start":{"line":118,"column":45},"end":{"line":118,"column":47}},"17":{"start":{"line":120,"column":4},"end":{"line":122,"column":null}},"18":{"start":{"line":121,"column":6},"end":{"line":121,"column":null}},"19":{"start":{"line":123,"column":4},"end":{"line":125,"column":null}},"20":{"start":{"line":124,"column":6},"end":{"line":124,"column":null}},"21":{"start":{"line":126,"column":4},"end":{"line":131,"column":null}},"22":{"start":{"line":127,"column":6},"end":{"line":130,"column":null}},"23":{"start":{"line":132,"column":4},"end":{"line":134,"column":null}},"24":{"start":{"line":133,"column":6},"end":{"line":133,"column":null}},"25":{"start":{"line":135,"column":4},"end":{"line":137,"column":null}},"26":{"start":{"line":136,"column":6},"end":{"line":136,"column":null}},"27":{"start":{"line":138,"column":4},"end":{"line":140,"column":null}},"28":{"start":{"line":139,"column":6},"end":{"line":139,"column":null}},"29":{"start":{"line":141,"column":4},"end":{"line":143,"column":null}},"30":{"start":{"line":142,"column":6},"end":{"line":142,"column":null}},"31":{"start":{"line":144,"column":4},"end":{"line":146,"column":null}},"32":{"start":{"line":145,"column":6},"end":{"line":145,"column":null}},"33":{"start":{"line":148,"column":4},"end":{"line":148,"column":null}},"34":{"start":{"line":156,"column":25},"end":{"line":165,"column":6}},"35":{"start":{"line":167,"column":4},"end":{"line":167,"column":null}},"36":{"start":{"line":175,"column":21},"end":{"line":175,"column":57}},"37":{"start":{"line":180,"column":19},"end":{"line":180,"column":58}},"38":{"start":{"line":182,"column":21},"end":{"line":188,"column":6}},"39":{"start":{"line":190,"column":4},"end":{"line":190,"column":null}},"40":{"start":{"line":198,"column":28},"end":{"line":202,"column":6}},"41":{"start":{"line":204,"column":4},"end":{"line":204,"column":null}},"42":{"start":{"line":213,"column":28},"end":{"line":220,"column":6}},"43":{"start":{"line":222,"column":4},"end":{"line":222,"column":null}},"44":{"start":{"line":230,"column":28},"end":{"line":236,"column":6}},"45":{"start":{"line":238,"column":4},"end":{"line":238,"column":null}},"46":{"start":{"line":242,"column":4},"end":{"line":242,"column":null}},"47":{"start":{"line":246,"column":4},"end":{"line":246,"column":null}},"48":{"start":{"line":250,"column":4},"end":{"line":250,"column":null}},"49":{"start":{"line":254,"column":4},"end":{"line":254,"column":null}},"50":{"start":{"line":261,"column":4},"end":{"line":263,"column":null}},"51":{"start":{"line":55,"column":0},"end":{"line":55,"column":21}}},"fnMap":{"0":{"name":"(anonymous_8)","decl":{"start":{"line":67,"column":2},"end":{"line":67,"column":14}},"loc":{"start":{"line":72,"column":24},"end":{"line":81,"column":3}}},"1":{"name":"(anonymous_9)","decl":{"start":{"line":82,"column":8},"end":{"line":82,"column":25}},"loc":{"start":{"line":84,"column":35},"end":{"line":97,"column":null}}},"2":{"name":"(anonymous_11)","decl":{"start":{"line":99,"column":2},"end":{"line":99,"column":13}},"loc":{"start":{"line":99,"column":24},"end":{"line":115,"column":3}}},"3":{"name":"(anonymous_12)","decl":{"start":{"line":117,"column":2},"end":{"line":117,"column":12}},"loc":{"start":{"line":117,"column":56},"end":{"line":149,"column":3}}},"4":{"name":"(anonymous_13)","decl":{"start":{"line":151,"column":8},"end":{"line":151,"column":14}},"loc":{"start":{"line":153,"column":36},"end":{"line":168,"column":null}}},"5":{"name":"(anonymous_15)","decl":{"start":{"line":170,"column":8},"end":{"line":170,"column":14}},"loc":{"start":{"line":173,"column":36},"end":{"line":191,"column":null}}},"6":{"name":"(anonymous_17)","decl":{"start":{"line":193,"column":8},"end":{"line":193,"column":14}},"loc":{"start":{"line":196,"column":36},"end":{"line":205,"column":null}}},"7":{"name":"(anonymous_19)","decl":{"start":{"line":207,"column":8},"end":{"line":207,"column":14}},"loc":{"start":{"line":211,"column":36},"end":{"line":223,"column":null}}},"8":{"name":"(anonymous_21)","decl":{"start":{"line":225,"column":8},"end":{"line":225,"column":14}},"loc":{"start":{"line":228,"column":36},"end":{"line":239,"column":null}}},"9":{"name":"(anonymous_23)","decl":{"start":{"line":241,"column":2},"end":{"line":241,"column":9}},"loc":{"start":{"line":241,"column":9},"end":{"line":243,"column":3}}},"10":{"name":"(anonymous_24)","decl":{"start":{"line":245,"column":2},"end":{"line":245,"column":12}},"loc":{"start":{"line":245,"column":12},"end":{"line":247,"column":3}}},"11":{"name":"(anonymous_25)","decl":{"start":{"line":249,"column":2},"end":{"line":249,"column":6}},"loc":{"start":{"line":249,"column":12},"end":{"line":251,"column":3}}},"12":{"name":"(anonymous_26)","decl":{"start":{"line":253,"column":2},"end":{"line":253,"column":11}},"loc":{"start":{"line":253,"column":11},"end":{"line":255,"column":3}}},"13":{"name":"(anonymous_27)","decl":{"start":{"line":257,"column":10},"end":{"line":257,"column":27}},"loc":{"start":{"line":258,"column":19},"end":{"line":264,"column":3}}}},"branchMap":{"0":{"loc":{"start":{"line":68,"column":17},"end":{"line":68,"column":21}},"type":"default-arg","locations":[{"start":{"line":68,"column":17},"end":{"line":68,"column":21}}]},"1":{"loc":{"start":{"line":70,"column":20},"end":{"line":70,"column":22}},"type":"default-arg","locations":[{"start":{"line":70,"column":20},"end":{"line":70,"column":22}}]},"2":{"loc":{"start":{"line":78,"column":11},"end":{"line":78,"column":51}},"type":"cond-expr","locations":[{"start":{"line":78,"column":11},"end":{"line":78,"column":51}},{"start":{"line":80,"column":11},"end":{"line":80,"column":60}}]},"3":{"loc":{"start":{"line":77,"column":6},"end":{"line":77,"column":12}},"type":"binary-expr","locations":[{"start":{"line":77,"column":6},"end":{"line":77,"column":12}},{"start":{"line":77,"column":16},"end":{"line":77,"column":null}}]},"4":{"loc":{"start":{"line":77,"column":24},"end":{"line":77,"column":26}},"type":"cond-expr","locations":[{"start":{"line":77,"column":24},"end":{"line":77,"column":26}},{"start":{"line":77,"column":18},"end":{"line":77,"column":35}}]},"5":{"loc":{"start":{"line":77,"column":18},"end":{"line":77,"column":26}},"type":"binary-expr","locations":[{"start":{"line":77,"column":18},"end":{"line":77,"column":26}},{"start":{"line":77,"column":18},"end":{"line":77,"column":26}}]},"6":{"loc":{"start":{"line":78,"column":31},"end":{"line":78,"column":33}},"type":"cond-expr","locations":[{"start":{"line":78,"column":31},"end":{"line":78,"column":33}},{"start":{"line":78,"column":25},"end":{"line":78,"column":42}}]},"7":{"loc":{"start":{"line":78,"column":25},"end":{"line":78,"column":33}},"type":"binary-expr","locations":[{"start":{"line":78,"column":25},"end":{"line":78,"column":33}},{"start":{"line":78,"column":25},"end":{"line":78,"column":33}}]},"8":{"loc":{"start":{"line":80,"column":41},"end":{"line":80,"column":43}},"type":"cond-expr","locations":[{"start":{"line":80,"column":41},"end":{"line":80,"column":43}},{"start":{"line":80,"column":41},"end":{"line":80,"column":51}}]},"9":{"loc":{"start":{"line":80,"column":22},"end":{"line":80,"column":43}},"type":"binary-expr","locations":[{"start":{"line":80,"column":22},"end":{"line":80,"column":43}},{"start":{"line":80,"column":41},"end":{"line":80,"column":43}}]},"10":{"loc":{"start":{"line":101,"column":4},"end":{"line":114,"column":null}},"type":"if","locations":[{"start":{"line":101,"column":4},"end":{"line":114,"column":null}},{"start":{"line":101,"column":4},"end":{"line":114,"column":null}}]},"11":{"loc":{"start":{"line":102,"column":6},"end":{"line":102,"column":50}},"type":"binary-expr","locations":[{"start":{"line":102,"column":6},"end":{"line":102,"column":50}},{"start":{"line":103,"column":6},"end":{"line":103,"column":48}}]},"12":{"loc":{"start":{"line":120,"column":4},"end":{"line":122,"column":null}},"type":"if","locations":[{"start":{"line":120,"column":4},"end":{"line":122,"column":null}},{"start":{"line":120,"column":4},"end":{"line":122,"column":null}}]},"13":{"loc":{"start":{"line":123,"column":4},"end":{"line":125,"column":null}},"type":"if","locations":[{"start":{"line":123,"column":4},"end":{"line":125,"column":null}},{"start":{"line":123,"column":4},"end":{"line":125,"column":null}}]},"14":{"loc":{"start":{"line":126,"column":4},"end":{"line":131,"column":null}},"type":"if","locations":[{"start":{"line":126,"column":4},"end":{"line":131,"column":null}},{"start":{"line":126,"column":4},"end":{"line":131,"column":null}}]},"15":{"loc":{"start":{"line":126,"column":27},"end":{"line":126,"column":29}},"type":"cond-expr","locations":[{"start":{"line":126,"column":27},"end":{"line":126,"column":29}},{"start":{"line":126,"column":27},"end":{"line":126,"column":34}}]},"16":{"loc":{"start":{"line":126,"column":4},"end":{"line":126,"column":29}},"type":"binary-expr","locations":[{"start":{"line":126,"column":4},"end":{"line":126,"column":29}},{"start":{"line":126,"column":27},"end":{"line":126,"column":29}}]},"17":{"loc":{"start":{"line":132,"column":4},"end":{"line":134,"column":null}},"type":"if","locations":[{"start":{"line":132,"column":4},"end":{"line":134,"column":null}},{"start":{"line":132,"column":4},"end":{"line":134,"column":null}}]},"18":{"loc":{"start":{"line":135,"column":4},"end":{"line":137,"column":null}},"type":"if","locations":[{"start":{"line":135,"column":4},"end":{"line":137,"column":null}},{"start":{"line":135,"column":4},"end":{"line":137,"column":null}}]},"19":{"loc":{"start":{"line":138,"column":4},"end":{"line":140,"column":null}},"type":"if","locations":[{"start":{"line":138,"column":4},"end":{"line":140,"column":null}},{"start":{"line":138,"column":4},"end":{"line":140,"column":null}}]},"20":{"loc":{"start":{"line":141,"column":4},"end":{"line":143,"column":null}},"type":"if","locations":[{"start":{"line":141,"column":4},"end":{"line":143,"column":null}},{"start":{"line":141,"column":4},"end":{"line":143,"column":null}}]},"21":{"loc":{"start":{"line":141,"column":27},"end":{"line":141,"column":29}},"type":"cond-expr","locations":[{"start":{"line":141,"column":27},"end":{"line":141,"column":29}},{"start":{"line":141,"column":27},"end":{"line":141,"column":35}}]},"22":{"loc":{"start":{"line":141,"column":4},"end":{"line":141,"column":29}},"type":"binary-expr","locations":[{"start":{"line":141,"column":4},"end":{"line":141,"column":29}},{"start":{"line":141,"column":27},"end":{"line":141,"column":29}}]},"23":{"loc":{"start":{"line":144,"column":4},"end":{"line":146,"column":null}},"type":"if","locations":[{"start":{"line":144,"column":4},"end":{"line":146,"column":null}},{"start":{"line":144,"column":4},"end":{"line":146,"column":null}}]},"24":{"loc":{"start":{"line":180,"column":19},"end":{"line":180,"column":38}},"type":"binary-expr","locations":[{"start":{"line":180,"column":19},"end":{"line":180,"column":38}},{"start":{"line":180,"column":42},"end":{"line":180,"column":58}}]}},"s":{"0":1,"1":1,"2":1,"3":1,"4":1,"5":1,"6":17,"7":17,"8":17,"9":17,"10":1,"11":1,"12":0,"13":0,"14":0,"15":0,"16":17,"17":17,"18":5,"19":17,"20":0,"21":17,"22":3,"23":17,"24":0,"25":17,"26":4,"27":17,"28":2,"29":17,"30":1,"31":17,"32":0,"33":17,"34":12,"35":12,"36":4,"37":4,"38":4,"39":4,"40":1,"41":1,"42":2,"43":2,"44":1,"45":1,"46":17,"47":17,"48":0,"49":17,"50":21,"51":1},"f":{"0":17,"1":1,"2":0,"3":17,"4":12,"5":4,"6":1,"7":2,"8":1,"9":17,"10":17,"11":0,"12":17,"13":21},"b":{"0":[17],"1":[0],"2":[17,0],"3":[17,17],"4":[0,17],"5":[17,17],"6":[0,17],"7":[17,17],"8":[0,0],"9":[0,0],"10":[0,0],"11":[0,0],"12":[5,12],"13":[0,17],"14":[3,14],"15":[5,12],"16":[17,17],"17":[0,17],"18":[4,13],"19":[2,15],"20":[1,16],"21":[5,12],"22":[17,17],"23":[0,17],"24":[4,0]}}
,"/Users/hugofoyart/PremierOctet/next-crud/src/adapters/prisma/utils/parseCursor.ts": {"path":"/Users/hugofoyart/PremierOctet/next-crud/src/adapters/prisma/utils/parseCursor.ts","statementMap":{"0":{"start":{"line":1,"column":0},"end":{"line":1,"column":44}},"1":{"start":{"line":4,"column":33},"end":{"line":24,"column":1}},"2":{"start":{"line":7,"column":32},"end":{"line":7,"column":34}},"3":{"start":{"line":9,"column":2},"end":{"line":15,"column":null}},"4":{"start":{"line":10,"column":18},"end":{"line":10,"column":29}},"5":{"start":{"line":12,"column":4},"end":{"line":14,"column":null}},"6":{"start":{"line":13,"column":6},"end":{"line":13,"column":null}},"7":{"start":{"line":17,"column":2},"end":{"line":21,"column":null}},"8":{"start":{"line":18,"column":4},"end":{"line":20,"column":null}},"9":{"start":{"line":23,"column":2},"end":{"line":23,"column":null}},"10":{"start":{"line":4,"column":13},"end":{"line":4,"column":33}}},"fnMap":{"0":{"name":"(anonymous_0)","decl":{"start":{"line":4,"column":33},"end":{"line":4,"column":null}},"loc":{"start":{"line":6,"column":19},"end":{"line":24,"column":1}}},"1":{"name":"(anonymous_1)","decl":{"start":{"line":9,"column":30},"end":{"line":9,"column":31}},"loc":{"start":{"line":9,"column":38},"end":{"line":15,"column":3}}}},"branchMap":{"0":{"loc":{"start":{"line":12,"column":4},"end":{"line":14,"column":null}},"type":"if","locations":[{"start":{"line":12,"column":4},"end":{"line":14,"column":null}},{"start":{"line":12,"column":4},"end":{"line":14,"column":null}}]},"1":{"loc":{"start":{"line":17,"column":2},"end":{"line":21,"column":null}},"type":"if","locations":[{"start":{"line":17,"column":2},"end":{"line":21,"column":null}},{"start":{"line":17,"column":2},"end":{"line":21,"column":null}}]}},"s":{"0":2,"1":2,"2":5,"3":5,"4":6,"5":6,"6":4,"7":5,"8":1,"9":4,"10":2},"f":{"0":5,"1":6},"b":{"0":[4,2],"1":[1,4]}}
,"/Users/hugofoyart/PremierOctet/next-crud/src/adapters/prisma/utils/parseOrderBy.ts": {"path":"/Users/hugofoyart/PremierOctet/next-crud/src/adapters/prisma/utils/parseOrderBy.ts","statementMap":{"0":{"start":{"line":4,"column":79},"end":{"line":7,"column":null}},"1":{"start":{"line":9,"column":34},"end":{"line":19,"column":1}},"2":{"start":{"line":10,"column":33},"end":{"line":10,"column":35}},"3":{"start":{"line":12,"column":2},"end":{"line":16,"column":null}},"4":{"start":{"line":13,"column":18},"end":{"line":13,"column":30}},"5":{"start":{"line":15,"column":4},"end":{"line":15,"column":null}},"6":{"start":{"line":18,"column":2},"end":{"line":18,"column":null}},"7":{"start":{"line":9,"column":13},"end":{"line":9,"column":34}}},"fnMap":{"0":{"name":"(anonymous_0)","decl":{"start":{"line":9,"column":34},"end":{"line":9,"column":35}},"loc":{"start":{"line":9,"column":77},"end":{"line":19,"column":1}}},"1":{"name":"(anonymous_1)","decl":{"start":{"line":12,"column":31},"end":{"line":12,"column":32}},"loc":{"start":{"line":12,"column":39},"end":{"line":16,"column":3}}}},"branchMap":{},"s":{"0":2,"1":2,"2":1,"3":1,"4":2,"5":2,"6":1,"7":2},"f":{"0":1,"1":2},"b":{}}
,"/Users/hugofoyart/PremierOctet/next-crud/src/adapters/prisma/utils/parseRecursive.ts": {"path":"/Users/hugofoyart/PremierOctet/next-crud/src/adapters/prisma/utils/parseRecursive.ts","statementMap":{"0":{"start":{"line":4,"column":41},"end":{"line":24,"column":1}},"1":{"start":{"line":8,"column":38},"end":{"line":8,"column":40}},"2":{"start":{"line":10,"column":2},"end":{"line":21,"column":null}},"3":{"start":{"line":11,"column":4},"end":{"line":20,"column":null}},"4":{"start":{"line":12,"column":6},"end":{"line":17,"column":null}},"5":{"start":{"line":19,"column":6},"end":{"line":19,"column":null}},"6":{"start":{"line":23,"column":2},"end":{"line":23,"column":null}},"7":{"start":{"line":4,"column":13},"end":{"line":4,"column":41}}},"fnMap":{"0":{"name":"(anonymous_0)","decl":{"start":{"line":4,"column":41},"end":{"line":4,"column":null}},"loc":{"start":{"line":7,"column":25},"end":{"line":24,"column":1}}},"1":{"name":"(anonymous_1)","decl":{"start":{"line":10,"column":30},"end":{"line":10,"column":31}},"loc":{"start":{"line":10,"column":40},"end":{"line":21,"column":3}}}},"branchMap":{"0":{"loc":{"start":{"line":11,"column":4},"end":{"line":20,"column":null}},"type":"if","locations":[{"start":{"line":11,"column":4},"end":{"line":20,"column":null}},{"start":{"line":11,"column":4},"end":{"line":20,"column":null}}]}},"s":{"0":2,"1":16,"2":16,"3":24,"4":9,"5":15,"6":16,"7":2},"f":{"0":16,"1":24},"b":{"0":[9,15]}}
,"/Users/hugofoyart/PremierOctet/next-crud/src/adapters/prisma/utils/parseWhere.ts": {"path":"/Users/hugofoyart/PremierOctet/next-crud/src/adapters/prisma/utils/parseWhere.ts","statementMap":{"0":{"start":{"line":2,"column":0},"end":{"line":2,"column":38}},"1":{"start":{"line":10,"column":0},"end":{"line":10,"column":44}},"2":{"start":{"line":20,"column":4},"end":{"line":32,"column":null}},"3":{"start":{"line":34,"column":21},"end":{"line":36,"column":null}},"4":{"start":{"line":35,"column":2},"end":{"line":36,"column":null}},"5":{"start":{"line":39,"column":23},"end":{"line":49,"column":1}},"6":{"start":{"line":40,"column":2},"end":{"line":42,"column":null}},"7":{"start":{"line":41,"column":4},"end":{"line":41,"column":null}},"8":{"start":{"line":44,"column":2},"end":{"line":46,"column":null}},"9":{"start":{"line":45,"column":4},"end":{"line":45,"column":null}},"10":{"start":{"line":48,"column":2},"end":{"line":48,"column":null}},"11":{"start":{"line":51,"column":19},"end":{"line":57,"column":1}},"12":{"start":{"line":53,"column":19},"end":{"line":53,"column":33}},"13":{"start":{"line":54,"column":2},"end":{"line":54,"column":null}},"14":{"start":{"line":56,"column":2},"end":{"line":56,"column":null}},"15":{"start":{"line":59,"column":25},"end":{"line":68,"column":1}},"16":{"start":{"line":60,"column":19},"end":{"line":60,"column":40}},"17":{"start":{"line":61,"column":47},"end":{"line":61,"column":77}},"18":{"start":{"line":63,"column":2},"end":{"line":67,"column":null}},"19":{"start":{"line":64,"column":4},"end":{"line":66,"column":null}},"20":{"start":{"line":70,"column":31},"end":{"line":93,"column":1}},"21":{"start":{"line":74,"column":37},"end":{"line":74,"column":39}},"22":{"start":{"line":76,"column":2},"end":{"line":90,"column":null}},"23":{"start":{"line":77,"column":16},"end":{"line":77,"column":24}},"24":{"start":{"line":79,"column":4},"end":{"line":89,"column":null}},"25":{"start":{"line":80,"column":6},"end":{"line":80,"column":null}},"26":{"start":{"line":81,"column":11},"end":{"line":89,"column":null}},"27":{"start":{"line":82,"column":6},"end":{"line":82,"column":null}},"28":{"start":{"line":83,"column":11},"end":{"line":89,"column":null}},"29":{"start":{"line":84,"column":26},"end":{"line":84,"column":61}},"30":{"start":{"line":86,"column":6},"end":{"line":88,"column":null}},"31":{"start":{"line":87,"column":8},"end":{"line":87,"column":null}},"32":{"start":{"line":92,"column":2},"end":{"line":92,"column":null}},"33":{"start":{"line":95,"column":19},"end":{"line":135,"column":1}},"34":{"start":{"line":101,"column":2},"end":{"line":134,"column":null}},"35":{"start":{"line":102,"column":4},"end":{"line":102,"column":null}},"36":{"start":{"line":104,"column":4},"end":{"line":133,"column":null}},"37":{"start":{"line":106,"column":8},"end":{"line":108,"column":null}},"38":{"start":{"line":107,"column":10},"end":{"line":107,"column":null}},"39":{"start":{"line":109,"column":8},"end":{"line":109,"column":13}},"40":{"start":{"line":112,"column":8},"end":{"line":117,"column":null}},"41":{"start":{"line":113,"column":10},"end":{"line":116,"column":null}},"42":{"start":{"line":118,"column":8},"end":{"line":118,"column":13}},"43":{"start":{"line":121,"column":8},"end":{"line":126,"column":null}},"44":{"start":{"line":122,"column":10},"end":{"line":125,"column":null}},"45":{"start":{"line":127,"column":8},"end":{"line":127,"column":13}},"46":{"start":{"line":130,"column":8},"end":{"line":130,"column":null}},"47":{"start":{"line":131,"column":8},"end":{"line":131,"column":13}},"48":{"start":{"line":137,"column":22},"end":{"line":172,"column":1}},"49":{"start":{"line":144,"column":17},"end":{"line":144,"column":41}},"50":{"start":{"line":145,"column":21},"end":{"line":145,"column":23}},"51":{"start":{"line":146,"column":2},"end":{"line":159,"column":null}},"52":{"start":{"line":148,"column":4},"end":{"line":158,"column":null}},"53":{"start":{"line":149,"column":6},"end":{"line":149,"column":null}},"54":{"start":{"line":153,"column":6},"end":{"line":157,"column":null}},"55":{"start":{"line":161,"column":26},"end":{"line":161,"column":45}},"56":{"start":{"line":163,"column":20},"end":{"line":163,"column":68}},"57":{"start":{"line":165,"column":2},"end":{"line":171,"column":null}},"58":{"start":{"line":174,"column":32},"end":{"line":211,"column":1}},"59":{"start":{"line":178,"column":36},"end":{"line":178,"column":38}},"60":{"start":{"line":180,"column":2},"end":{"line":208,"column":null}},"61":{"start":{"line":181,"column":18},"end":{"line":181,"column":28}},"62":{"start":{"line":203,"column":4},"end":{"line":207,"column":null}},"63":{"start":{"line":204,"column":6},"end":{"line":204,"column":null}},"64":{"start":{"line":206,"column":6},"end":{"line":206,"column":null}},"65":{"start":{"line":210,"column":2},"end":{"line":210,"column":null}},"66":{"start":{"line":174,"column":13},"end":{"line":174,"column":32}}},"fnMap":{"0":{"name":"(anonymous_1)","decl":{"start":{"line":34,"column":21},"end":{"line":34,"column":22}},"loc":{"start":{"line":35,"column":2},"end":{"line":36,"column":null}}},"1":{"name":"(anonymous_2)","decl":{"start":{"line":39,"column":23},"end":{"line":39,"column":24}},"loc":{"start":{"line":39,"column":64},"end":{"line":49,"column":1}}},"2":{"name":"(anonymous_3)","decl":{"start":{"line":51,"column":19},"end":{"line":51,"column":20}},"loc":{"start":{"line":51,"column":69},"end":{"line":57,"column":1}}},"3":{"name":"(anonymous_4)","decl":{"start":{"line":59,"column":25},"end":{"line":59,"column":26}},"loc":{"start":{"line":59,"column":47},"end":{"line":68,"column":1}}},"4":{"name":"(anonymous_5)","decl":{"start":{"line":70,"column":31},"end":{"line":70,"column":null}},"loc":{"start":{"line":73,"column":24},"end":{"line":93,"column":1}}},"5":{"name":"(anonymous_6)","decl":{"start":{"line":76,"column":27},"end":{"line":76,"column":28}},"loc":{"start":{"line":76,"column":35},"end":{"line":90,"column":3}}},"6":{"name":"(anonymous_7)","decl":{"start":{"line":95,"column":19},"end":{"line":95,"column":null}},"loc":{"start":{"line":100,"column":4},"end":{"line":135,"column":1}}},"7":{"name":"(anonymous_8)","decl":{"start":{"line":137,"column":22},"end":{"line":137,"column":null}},"loc":{"start":{"line":142,"column":4},"end":{"line":172,"column":1}}},"8":{"name":"(anonymous_9)","decl":{"start":{"line":146,"column":17},"end":{"line":146,"column":18}},"loc":{"start":{"line":146,"column":34},"end":{"line":159,"column":3}}},"9":{"name":"(anonymous_10)","decl":{"start":{"line":174,"column":32},"end":{"line":174,"column":null}},"loc":{"start":{"line":177,"column":23},"end":{"line":211,"column":1}}},"10":{"name":"(anonymous_11)","decl":{"start":{"line":180,"column":29},"end":{"line":180,"column":30}},"loc":{"start":{"line":180,"column":37},"end":{"line":208,"column":3}}}},"branchMap":{"0":{"loc":{"start":{"line":40,"column":2},"end":{"line":42,"column":null}},"type":"if","locations":[{"start":{"line":40,"column":2},"end":{"line":42,"column":null}},{"start":{"line":40,"column":2},"end":{"line":42,"column":null}}]},"1":{"loc":{"start":{"line":44,"column":2},"end":{"line":46,"column":null}},"type":"if","locations":[{"start":{"line":44,"column":2},"end":{"line":46,"column":null}},{"start":{"line":44,"column":2},"end":{"line":46,"column":null}}]},"2":{"loc":{"start":{"line":44,"column":6},"end":{"line":44,"column":39}},"type":"binary-expr","locations":[{"start":{"line":44,"column":6},"end":{"line":44,"column":39}},{"start":{"line":44,"column":43},"end":{"line":44,"column":70}}]},"3":{"loc":{"start":{"line":63,"column":2},"end":{"line":67,"column":null}},"type":"if","locations":[{"start":{"line":63,"column":2},"end":{"line":67,"column":null}},{"start":{"line":63,"column":2},"end":{"line":67,"column":null}}]},"4":{"loc":{"start":{"line":79,"column":4},"end":{"line":89,"column":null}},"type":"if","locations":[{"start":{"line":79,"column":4},"end":{"line":89,"column":null}},{"start":{"line":79,"column":4},"end":{"line":89,"column":null}}]},"5":{"loc":{"start":{"line":81,"column":11},"end":{"line":89,"column":null}},"type":"if","locations":[{"start":{"line":81,"column":11},"end":{"line":89,"column":null}},{"start":{"line":81,"column":11},"end":{"line":89,"column":null}}]},"6":{"loc":{"start":{"line":83,"column":11},"end":{"line":89,"column":null}},"type":"if","locations":[{"start":{"line":83,"column":11},"end":{"line":89,"column":null}},{"start":{"line":83,"column":11},"end":{"line":89,"column":null}}]},"7":{"loc":{"start":{"line":86,"column":6},"end":{"line":88,"column":null}},"type":"if","locations":[{"start":{"line":86,"column":6},"end":{"line":88,"column":null}},{"start":{"line":86,"column":6},"end":{"line":88,"column":null}}]},"8":{"loc":{"start":{"line":101,"column":2},"end":{"line":134,"column":null}},"type":"if","locations":[{"start":{"line":101,"column":2},"end":{"line":134,"column":null}},{"start":{"line":101,"column":2},"end":{"line":134,"column":null}}]},"9":{"loc":{"start":{"line":105,"column":6},"end":{"line":110,"column":null}},"type":"switch","locations":[{"start":{"line":105,"column":6},"end":{"line":110,"column":null}},{"start":{"line":111,"column":6},"end":{"line":119,"column":null}},{"start":{"line":120,"column":6},"end":{"line":128,"column":null}},{"start":{"line":129,"column":6},"end":{"line":132,"column":null}}]},"10":{"loc":{"start":{"line":106,"column":8},"end":{"line":108,"column":null}},"type":"if","locations":[{"start":{"line":106,"column":8},"end":{"line":108,"column":null}},{"start":{"line":106,"column":8},"end":{"line":108,"column":null}}]},"11":{"loc":{"start":{"line":112,"column":8},"end":{"line":117,"column":null}},"type":"if","locations":[{"start":{"line":112,"column":8},"end":{"line":117,"column":null}},{"start":{"line":112,"column":8},"end":{"line":117,"column":null}}]},"12":{"loc":{"start":{"line":121,"column":8},"end":{"line":126,"column":null}},"type":"if","locations":[{"start":{"line":121,"column":8},"end":{"line":126,"column":null}},{"start":{"line":121,"column":8},"end":{"line":126,"column":null}}]},"13":{"loc":{"start":{"line":148,"column":4},"end":{"line":158,"column":null}},"type":"if","locations":[{"start":{"line":148,"column":4},"end":{"line":158,"column":null}},{"start":{"line":148,"column":4},"end":{"line":158,"column":null}}]},"14":{"loc":{"start":{"line":168,"column":10},"end":{"line":168,"column":25}},"type":"binary-expr","locations":[{"start":{"line":168,"column":10},"end":{"line":168,"column":25}},{"start":{"line":168,"column":29},"end":{"line":168,"column":31}}]},"15":{"loc":{"start":{"line":168,"column":19},"end":{"line":168,"column":21}},"type":"cond-expr","locations":[{"start":{"line":168,"column":19},"end":{"line":168,"column":21}},{"start":{"line":168,"column":10},"end":{"line":168,"column":25}}]},"16":{"loc":{"start":{"line":168,"column":10},"end":{"line":168,"column":21}},"type":"binary-expr","locations":[{"start":{"line":168,"column":10},"end":{"line":168,"column":21}},{"start":{"line":168,"column":10},"end":{"line":168,"column":21}}]},"17":{"loc":{"start":{"line":203,"column":4},"end":{"line":207,"column":null}},"type":"if","locations":[{"start":{"line":203,"column":4},"end":{"line":207,"column":null}},{"start":{"line":203,"column":4},"end":{"line":207,"column":null}}]}},"s":{"0":2,"1":2,"2":2,"3":2,"4":9,"5":2,"6":9,"7":1,"8":8,"9":1,"10":7,"11":2,"12":31,"13":31,"14":31,"15":2,"16":13,"17":13,"18":13,"19":12,"20":2,"21":6,"22":6,"23":12,"24":12,"25":3,"26":9,"27":3,"28":6,"29":6,"30":6,"31":6,"32":6,"33":2,"34":22,"35":9,"36":13,"37":2,"38":2,"39":2,"40":2,"41":2,"42":2,"43":2,"44":2,"45":2,"46":7,"47":7,"48":2,"49":7,"50":7,"51":7,"52":18,"53":7,"54":11,"55":7,"56":7,"57":7,"58":2,"59":15,"60":15,"61":19,"62":19,"63":4,"64":15,"65":15,"66":2},"f":{"0":9,"1":9,"2":31,"3":13,"4":6,"5":12,"6":22,"7":7,"8":18,"9":15,"10":19},"b":{"0":[1,8],"1":[1,7],"2":[8,2],"3":[12,1],"4":[3,9],"5":[3,6],"6":[6,0],"7":[6,0],"8":[9,13],"9":[2,2,2,7],"10":[2,0],"11":[2,0],"12":[2,0],"13":[7,11],"14":[7,5],"15":[5,2],"16":[7,7],"17":[4,15]}}
,"/Users/hugofoyart/PremierOctet/next-crud/src/handlers/createHandler.ts": {"path":"/Users/hugofoyart/PremierOctet/next-crud/src/handlers/createHandler.ts","statementMap":{"0":{"start":{"line":2,"column":0},"end":{"line":2,"column":45}},"1":{"start":{"line":17,"column":26},"end":{"line":17,"column":73}},"2":{"start":{"line":18,"column":2},"end":{"line":30,"column":null}},"3":{"start":{"line":22,"column":8},"end":{"line":22,"column":null}},"4":{"start":{"line":33,"column":0},"end":{"line":33,"column":null}}},"fnMap":{"0":{"name":"createHandler","decl":{"start":{"line":8,"column":15},"end":{"line":8,"column":28}},"loc":{"start":{"line":16,"column":23},"end":{"line":31,"column":null}}},"1":{"name":"(anonymous_9)","decl":{"start":{"line":21,"column":6},"end":{"line":21,"column":7}},"loc":{"start":{"line":21,"column":21},"end":{"line":23,"column":7}}}},"branchMap":{},"s":{"0":2,"1":2,"2":2,"3":2,"4":2},"f":{"0":2,"1":2},"b":{}}
,"/Users/hugofoyart/PremierOctet/next-crud/src/handlers/deleteHandler.ts": {"path":"/Users/hugofoyart/PremierOctet/next-crud/src/handlers/deleteHandler.ts","statementMap":{"0":{"start":{"line":1,"column":0},"end":{"line":1,"column":36}},"1":{"start":{"line":3,"column":0},"end":{"line":3,"column":45}},"2":{"start":{"line":16,"column":19},"end":{"line":16,"column":72}},"3":{"start":{"line":18,"column":2},"end":{"line":39,"column":null}},"4":{"start":{"line":19,"column":28},"end":{"line":22,"column":null}},"5":{"start":{"line":24,"column":4},"end":{"line":36,"column":null}},"6":{"start":{"line":28,"column":10},"end":{"line":28,"column":null}},"7":{"start":{"line":38,"column":4},"end":{"line":38,"column":null}},"8":{"start":{"line":42,"column":0},"end":{"line":42,"column":null}}},"fnMap":{"0":{"name":"deleteHandler","decl":{"start":{"line":7,"column":15},"end":{"line":7,"column":28}},"loc":{"start":{"line":15,"column":23},"end":{"line":40,"column":null}}},"1":{"name":"(anonymous_10)","decl":{"start":{"line":27,"column":8},"end":{"line":27,"column":9}},"loc":{"start":{"line":27,"column":23},"end":{"line":29,"column":9}}}},"branchMap":{"0":{"loc":{"start":{"line":18,"column":2},"end":{"line":39,"column":null}},"type":"if","locations":[{"start":{"line":18,"column":2},"end":{"line":39,"column":null}},{"start":{"line":18,"column":2},"end":{"line":39,"column":null}}]}},"s":{"0":2,"1":2,"2":3,"3":3,"4":2,"5":2,"6":2,"7":1,"8":2},"f":{"0":3,"1":2},"b":{"0":[2,1]}}
,"/Users/hugofoyart/PremierOctet/next-crud/src/handlers/getAll.ts": {"path":"/Users/hugofoyart/PremierOctet/next-crud/src/handlers/getAll.ts","statementMap":{"0":{"start":{"line":2,"column":0},"end":{"line":2,"column":45}},"1":{"start":{"line":17,"column":20},"end":{"line":17,"column":61}},"2":{"start":{"line":18,"column":49},"end":{"line":18,"column":58}},"3":{"start":{"line":19,"column":2},"end":{"line":25,"column":null}},"4":{"start":{"line":20,"column":27},"end":{"line":20,"column":79}},"5":{"start":{"line":21,"column":4},"end":{"line":24,"column":null}},"6":{"start":{"line":26,"column":2},"end":{"line":41,"column":null}},"7":{"start":{"line":33,"column":8},"end":{"line":33,"column":null}},"8":{"start":{"line":44,"column":0},"end":{"line":44,"column":null}}},"fnMap":{"0":{"name":"getAllHandler","decl":{"start":{"line":8,"column":15},"end":{"line":8,"column":28}},"loc":{"start":{"line":16,"column":23},"end":{"line":42,"column":null}}},"1":{"name":"(anonymous_9)","decl":{"start":{"line":32,"column":6},"end":{"line":32,"column":7}},"loc":{"start":{"line":32,"column":21},"end":{"line":34,"column":7}}}},"branchMap":{"0":{"loc":{"start":{"line":19,"column":2},"end":{"line":25,"column":null}},"type":"if","locations":[{"start":{"line":19,"column":2},"end":{"line":25,"column":null}},{"start":{"line":19,"column":2},"end":{"line":25,"column":null}}]}},"s":{"0":2,"1":17,"2":17,"3":17,"4":2,"5":2,"6":17,"7":17,"8":2},"f":{"0":17,"1":17},"b":{"0":[2,15]}}
,"/Users/hugofoyart/PremierOctet/next-crud/src/handlers/getOne.ts": {"path":"/Users/hugofoyart/PremierOctet/next-crud/src/handlers/getOne.ts","statementMap":{"0":{"start":{"line":1,"column":0},"end":{"line":1,"column":36}},"1":{"start":{"line":3,"column":0},"end":{"line":3,"column":45}},"2":{"start":{"line":16,"column":19},"end":{"line":16,"column":72}},"3":{"start":{"line":18,"column":2},"end":{"line":20,"column":null}},"4":{"start":{"line":19,"column":4},"end":{"line":19,"column":null}},"5":{"start":{"line":22,"column":2},"end":{"line":34,"column":null}},"6":{"start":{"line":26,"column":8},"end":{"line":26,"column":null}},"7":{"start":{"line":37,"column":0},"end":{"line":37,"column":null}}},"fnMap":{"0":{"name":"getOneHandler","decl":{"start":{"line":7,"column":15},"end":{"line":7,"column":28}},"loc":{"start":{"line":15,"column":23},"end":{"line":35,"column":null}}},"1":{"name":"(anonymous_10)","decl":{"start":{"line":25,"column":6},"end":{"line":25,"column":7}},"loc":{"start":{"line":25,"column":21},"end":{"line":27,"column":7}}}},"branchMap":{"0":{"loc":{"start":{"line":18,"column":2},"end":{"line":20,"column":null}},"type":"if","locations":[{"start":{"line":18,"column":2},"end":{"line":20,"column":null}},{"start":{"line":18,"column":2},"end":{"line":20,"column":null}}]}},"s":{"0":2,"1":2,"2":8,"3":7,"4":1,"5":6,"6":6,"7":2},"f":{"0":8,"1":6},"b":{"0":[1,6]}}
,"/Users/hugofoyart/PremierOctet/next-crud/src/handlers/index.ts": {"path":"/Users/hugofoyart/PremierOctet/next-crud/src/handlers/index.ts","statementMap":{"0":{"start":{"line":1,"column":0},"end":{"line":1,"column":9}},"1":{"start":{"line":1,"column":9},"end":{"line":1,"column":33}},"2":{"start":{"line":2,"column":0},"end":{"line":2,"column":9}},"3":{"start":{"line":2,"column":9},"end":{"line":2,"column":33}},"4":{"start":{"line":3,"column":0},"end":{"line":3,"column":9}},"5":{"start":{"line":3,"column":9},"end":{"line":3,"column":33}},"6":{"start":{"line":4,"column":0},"end":{"line":4,"column":9}},"7":{"start":{"line":4,"column":9},"end":{"line":4,"column":33}},"8":{"start":{"line":5,"column":0},"end":{"line":5,"column":9}},"9":{"start":{"line":5,"column":9},"end":{"line":5,"column":33}}},"fnMap":{"0":{"name":"(anonymous_1)","decl":{"start":{"line":1,"column":9},"end":{"line":1,"column":16}},"loc":{"start":{"line":1,"column":9},"end":{"line":1,"column":33}}},"1":{"name":"(anonymous_2)","decl":{"start":{"line":2,"column":9},"end":{"line":2,"column":16}},"loc":{"start":{"line":2,"column":9},"end":{"line":2,"column":33}}},"2":{"name":"(anonymous_3)","decl":{"start":{"line":3,"column":9},"end":{"line":3,"column":16}},"loc":{"start":{"line":3,"column":9},"end":{"line":3,"column":33}}},"3":{"name":"(anonymous_4)","decl":{"start":{"line":4,"column":9},"end":{"line":4,"column":16}},"loc":{"start":{"line":4,"column":9},"end":{"line":4,"column":33}}},"4":{"name":"(anonymous_5)","decl":{"start":{"line":5,"column":9},"end":{"line":5,"column":16}},"loc":{"start":{"line":5,"column":9},"end":{"line":5,"column":33}}}},"branchMap":{},"s":{"0":2,"1":19,"2":2,"3":10,"4":2,"5":4,"6":2,"7":6,"8":2,"9":5},"f":{"0":17,"1":8,"2":2,"3":4,"4":3},"b":{}}
,"/Users/hugofoyart/PremierOctet/next-crud/src/handlers/updateHandler.ts": {"path":"/Users/hugofoyart/PremierOctet/next-crud/src/handlers/updateHandler.ts","statementMap":{"0":{"start":{"line":1,"column":0},"end":{"line":1,"column":36}},"1":{"start":{"line":3,"column":0},"end":{"line":3,"column":45}},"2":{"start":{"line":19,"column":19},"end":{"line":19,"column":72}},"3":{"start":{"line":21,"column":2},"end":{"line":43,"column":null}},"4":{"start":{"line":22,"column":28},"end":{"line":26,"column":null}},"5":{"start":{"line":28,"column":4},"end":{"line":40,"column":null}},"6":{"start":{"line":32,"column":10},"end":{"line":32,"column":null}},"7":{"start":{"line":42,"column":4},"end":{"line":42,"column":null}},"8":{"start":{"line":46,"column":0},"end":{"line":46,"column":null}}},"fnMap":{"0":{"name":"updateHandler","decl":{"start":{"line":9,"column":15},"end":{"line":9,"column":28}},"loc":{"start":{"line":18,"column":23},"end":{"line":44,"column":null}}},"1":{"name":"(anonymous_10)","decl":{"start":{"line":31,"column":8},"end":{"line":31,"column":9}},"loc":{"start":{"line":31,"column":23},"end":{"line":33,"column":9}}}},"branchMap":{"0":{"loc":{"start":{"line":21,"column":2},"end":{"line":43,"column":null}},"type":"if","locations":[{"start":{"line":21,"column":2},"end":{"line":43,"column":null}},{"start":{"line":21,"column":2},"end":{"line":43,"column":null}}]}},"s":{"0":2,"1":2,"2":4,"3":4,"4":3,"5":3,"6":3,"7":1,"8":2},"f":{"0":4,"1":3},"b":{"0":[3,1]}}
}
