TN:
SF:__tests__/adapters/prisma/client.ts
FNF:0
FNH:0
DA:1,1
DA:3,1
DA:4,1
LF:3
LH:3
BRF:0
BRH:0
end_of_record
TN:
SF:__tests__/adapters/prisma/seed.ts
FN:3,createSeedData
FNF:1
FNH:1
FNDA:1,createSeedData
DA:1,1
DA:3,1
DA:7,1
DA:14,1
DA:21,1
DA:28,1
DA:38,1
DA:49,1
DA:63,1
DA:79,1
LF:10
LH:10
BRF:0
BRH:0
end_of_record
TN:
SF:src/handler.ts
FN:49,NextCrud
FN:93,(anonymous_9)
FN:93,(anonymous_10)
FN:96,(anonymous_11)
FN:125,(anonymous_12)
FN:131,(anonymous_13)
FN:163,(anonymous_14)
FN:183,(anonymous_15)
FN:183,(anonymous_16)
FNF:9
FNH:9
FNDA:43,NextCrud
FNDA:42,(anonymous_9)
FNDA:42,(anonymous_10)
FNDA:73,(anonymous_11)
FNDA:5,(anonymous_12)
FNDA:5,(anonymous_13)
FNDA:18,(anonymous_14)
FNDA:34,(anonymous_15)
FNDA:34,(anonymous_16)
DA:4,2
DA:11,2
DA:12,2
DA:13,2
DA:14,2
DA:45,2
DA:81,43
DA:90,1
DA:93,42
DA:94,42
DA:96,42
DA:97,73
DA:99,42
DA:101,42
DA:102,3
DA:103,3
DA:104,3
DA:107,39
DA:108,39
DA:114,39
DA:122,39
DA:124,39
DA:125,1
DA:126,5
DA:130,39
DA:131,1
DA:132,5
DA:136,39
DA:142,37
DA:143,3
DA:144,3
DA:147,34
DA:149,34
DA:151,34
DA:152,17
DA:154,17
DA:155,2
DA:156,2
DA:161,34
DA:162,18
DA:163,18
DA:165,18
DA:166,17
DA:170,34
DA:179,34
DA:183,34
DA:184,34
DA:185,34
DA:187,8
DA:191,6
DA:193,17
DA:197,17
DA:200,2
DA:201,2
DA:203,4
DA:208,3
DA:210,3
DA:214,2
DA:217,4
DA:218,1
DA:220,3
DA:225,34
DA:227,34
DA:229,31
DA:231,5
DA:232,5
DA:233,4
DA:235,1
DA:238,39
DA:239,39
DA:242,42
DA:245,2
LF:72
LH:72
BRDA:52,0,0,42
BRDA:56,1,0,43
BRDA:57,2,0,43
BRDA:81,3,0,1
BRDA:81,3,1,42
BRDA:82,4,0,43
BRDA:82,4,1,42
BRDA:82,4,2,42
BRDA:82,4,3,42
BRDA:82,4,4,42
BRDA:82,4,5,42
BRDA:82,4,6,42
BRDA:97,5,0,17
BRDA:97,5,1,56
BRDA:97,6,0,73
BRDA:97,6,1,73
BRDA:97,7,0,53
BRDA:97,7,1,20
BRDA:97,8,0,73
BRDA:97,8,1,73
BRDA:97,9,0,19
BRDA:97,9,1,54
BRDA:97,10,0,73
BRDA:97,10,1,73
BRDA:101,11,0,3
BRDA:101,11,1,39
BRDA:122,12,0,19
BRDA:122,12,1,20
BRDA:122,13,0,39
BRDA:122,13,1,39
BRDA:124,14,0,1
BRDA:124,14,1,38
BRDA:124,15,0,38
BRDA:124,15,1,1
BRDA:124,16,0,39
BRDA:124,16,1,39
BRDA:124,17,0,36
BRDA:124,17,1,3
BRDA:124,18,0,39
BRDA:124,18,1,39
BRDA:126,19,0,0
BRDA:126,19,1,5
BRDA:126,20,0,5
BRDA:126,20,1,5
BRDA:130,21,0,1
BRDA:130,21,1,38
BRDA:130,22,0,38
BRDA:130,22,1,1
BRDA:130,23,0,39
BRDA:130,23,1,39
BRDA:130,24,0,36
BRDA:130,24,1,3
BRDA:130,25,0,39
BRDA:130,25,1,39
BRDA:132,26,0,0
BRDA:132,26,1,5
BRDA:132,27,0,5
BRDA:132,27,1,5
BRDA:132,28,0,0
BRDA:132,28,1,5
BRDA:132,29,0,5
BRDA:132,29,1,5
BRDA:136,30,0,36
BRDA:136,30,1,3
BRDA:136,31,0,39
BRDA:136,31,1,39
BRDA:142,32,0,3
BRDA:142,32,1,34
BRDA:151,33,0,17
BRDA:151,33,1,17
BRDA:154,34,0,2
BRDA:154,34,1,15
BRDA:161,35,0,18
BRDA:161,35,1,16
BRDA:163,36,0,0
BRDA:163,36,1,18
BRDA:163,37,0,18
BRDA:163,37,1,18
BRDA:165,38,0,17
BRDA:165,38,1,1
BRDA:180,39,0,0
BRDA:180,39,1,34
BRDA:179,40,0,34
BRDA:179,40,1,34
BRDA:180,41,0,33
BRDA:180,41,1,1
BRDA:179,42,0,34
BRDA:179,42,1,34
BRDA:180,43,0,33
BRDA:180,43,1,1
BRDA:180,44,0,34
BRDA:180,44,1,34
BRDA:186,45,0,8
BRDA:186,45,1,17
BRDA:186,45,2,2
BRDA:186,45,3,4
BRDA:186,45,4,3
BRDA:217,46,0,1
BRDA:217,46,1,3
BRDA:217,47,0,4
BRDA:217,47,1,4
BRDA:225,48,0,16
BRDA:225,48,1,18
BRDA:225,49,0,34
BRDA:225,49,1,34
BRDA:229,50,0,30
BRDA:229,50,1,1
BRDA:229,51,0,31
BRDA:229,51,1,31
BRDA:231,52,0,3
BRDA:231,52,1,2
BRDA:231,53,0,5
BRDA:231,53,1,5
BRDA:232,54,0,4
BRDA:232,54,1,1
BRDA:238,55,0,21
BRDA:238,55,1,18
BRDA:238,56,0,39
BRDA:238,56,1,39
BRF:119
BRH:114
end_of_record
TN:
SF:src/httpError.ts
FN:6,(anonymous_6)
FNF:1
FNH:1
FNDA:4,(anonymous_6)
DA:1,2
DA:3,2
DA:7,4
DA:8,4
DA:9,4
LF:5
LH:5
BRF:0
BRH:0
end_of_record
TN:
SF:src/queryParser.ts
FN:10,(anonymous_7)
FN:16,(anonymous_8)
FN:26,(anonymous_9)
FN:30,(anonymous_10)
FN:37,(anonymous_11)
FN:58,(anonymous_12)
FNF:6
FNH:6
FNDA:12,(anonymous_7)
FNDA:28,(anonymous_8)
FNDA:6,(anonymous_9)
FNDA:6,(anonymous_10)
FNDA:3,(anonymous_11)
FNDA:52,(anonymous_12)
DA:1,3
DA:2,3
DA:10,3
DA:11,12
DA:12,11
DA:14,11
DA:16,11
DA:17,28
DA:20,11
DA:23,1
DA:26,3
DA:27,6
DA:28,6
DA:30,6
DA:31,6
DA:34,6
DA:37,3
DA:38,3
DA:39,3
DA:41,3
DA:42,2
DA:44,2
DA:45,1
DA:49,3
DA:50,2
DA:55,1
DA:58,3
DA:59,52
DA:60,33
DA:61,33
DA:62,33
DA:63,9
DA:65,32
DA:66,3
DA:68,32
DA:69,6
DA:71,32
DA:72,3
DA:74,30
DA:75,6
DA:79,30
DA:80,3
DA:82,30
DA:83,1
DA:85,30
DA:86,2
DA:89,30
DA:95,19
LF:48
LH:48
BRDA:11,0,0,11
BRDA:11,0,1,1
BRDA:41,1,0,2
BRDA:41,1,1,1
BRDA:44,2,0,1
BRDA:44,2,1,1
BRDA:44,3,0,2
BRDA:44,3,1,1
BRDA:49,4,0,2
BRDA:49,4,1,1
BRDA:59,5,0,33
BRDA:59,5,1,19
BRDA:62,6,0,9
BRDA:62,6,1,24
BRDA:65,7,0,3
BRDA:65,7,1,29
BRDA:68,8,0,6
BRDA:68,8,1,26
BRDA:71,9,0,3
BRDA:71,9,1,29
BRDA:74,10,0,6
BRDA:74,10,1,24
BRDA:76,11,0,5
BRDA:76,11,1,1
BRDA:79,12,0,3
BRDA:79,12,1,27
BRDA:80,13,0,2
BRDA:80,13,1,1
BRDA:82,14,0,1
BRDA:82,14,1,29
BRDA:85,15,0,2
BRDA:85,15,1,28
BRDA:86,16,0,2
BRDA:86,16,1,0
BRF:34
BRH:33
end_of_record
TN:
SF:src/types.ts
FN:3,(anonymous_0)
FNF:1
FNH:1
FNDA:5,(anonymous_0)
DA:3,5
DA:4,5
DA:5,5
DA:6,5
DA:7,5
DA:8,5
LF:6
LH:6
BRDA:3,0,0,5
BRDA:3,0,1,5
BRF:2
BRH:2
end_of_record
TN:
SF:src/utils.ts
FN:24,(anonymous_7)
FN:112,(anonymous_8)
FN:118,(anonymous_9)
FN:122,(anonymous_10)
FN:125,(anonymous_11)
FN:126,(anonymous_12)
FN:129,(anonymous_13)
FN:129,(anonymous_14)
FN:139,(anonymous_15)
FN:148,(anonymous_16)
FN:166,(anonymous_17)
FN:174,(anonymous_18)
FN:178,(anonymous_19)
FN:183,(anonymous_20)
FNF:14
FNH:14
FNDA:57,(anonymous_7)
FNDA:35,(anonymous_8)
FNDA:43,(anonymous_9)
FNDA:32,(anonymous_10)
FNDA:32,(anonymous_11)
FNDA:34,(anonymous_12)
FNDA:34,(anonymous_13)
FNDA:34,(anonymous_14)
FNDA:2,(anonymous_15)
FNDA:19,(anonymous_16)
FNDA:3,(anonymous_17)
FNDA:1,(anonymous_18)
FNDA:43,(anonymous_19)
FNDA:40,(anonymous_20)
DA:1,5
DA:2,5
DA:24,5
DA:30,57
DA:32,57
DA:33,2
DA:38,55
DA:42,55
DA:46,55
DA:48,33
DA:51,33
DA:52,14
DA:58,19
DA:63,5
DA:65,5
DA:66,4
DA:71,1
DA:77,10
DA:79,10
DA:80,8
DA:86,2
DA:91,6
DA:93,6
DA:94,5
DA:100,1
DA:105,1
DA:112,5
DA:113,35
DA:116,5
DA:118,5
DA:119,43
DA:122,5
DA:125,32
DA:126,34
DA:127,32
DA:129,34
DA:135,34
DA:136,34
DA:138,34
DA:139,34
DA:140,2
DA:145,32
DA:148,5
DA:152,19
DA:153,4
DA:154,1
DA:157,3
DA:163,15
DA:166,5
DA:170,3
DA:171,3
DA:174,5
DA:175,1
DA:178,5
DA:182,43
DA:183,43
DA:184,40
DA:187,43
LF:58
LH:58
BRDA:32,0,0,2
BRDA:32,0,1,55
BRDA:47,1,0,33
BRDA:47,1,1,5
BRDA:47,1,2,5
BRDA:47,1,3,10
BRDA:47,1,4,6
BRDA:47,1,5,1
BRDA:51,2,0,14
BRDA:51,2,1,19
BRDA:51,3,0,33
BRDA:51,3,1,30
BRDA:65,4,0,4
BRDA:65,4,1,1
BRDA:79,5,0,8
BRDA:79,5,1,2
BRDA:79,6,0,10
BRDA:79,6,1,10
BRDA:93,7,0,5
BRDA:93,7,1,1
BRDA:93,8,0,6
BRDA:93,8,1,6
BRDA:113,9,0,5
BRDA:113,9,1,30
BRDA:138,10,0,34
BRDA:138,10,1,0
BRDA:152,11,0,4
BRDA:152,11,1,15
BRDA:153,12,0,1
BRDA:153,12,1,3
BRDA:159,13,0,3
BRDA:159,13,1,1
BRDA:184,14,0,40
BRDA:184,14,1,0
BRF:34
BRH:32
end_of_record
TN:
SF:src/adapters/prisma/index.ts
FN:67,(anonymous_8)
FN:82,(anonymous_9)
FN:99,(anonymous_11)
FN:117,(anonymous_12)
FN:151,(anonymous_13)
FN:170,(anonymous_15)
FN:193,(anonymous_17)
FN:207,(anonymous_19)
FN:225,(anonymous_21)
FN:241,(anonymous_23)
FN:245,(anonymous_24)
FN:249,(anonymous_25)
FN:253,(anonymous_26)
FN:257,(anonymous_27)
FNF:14
FNH:12
FNDA:17,(anonymous_8)
FNDA:1,(anonymous_9)
FNDA:0,(anonymous_11)
FNDA:17,(anonymous_12)
FNDA:12,(anonymous_13)
FNDA:4,(anonymous_15)
FNDA:1,(anonymous_17)
FNDA:2,(anonymous_19)
FNDA:1,(anonymous_21)
FNDA:17,(anonymous_23)
FNDA:17,(anonymous_24)
FNDA:0,(anonymous_25)
FNDA:17,(anonymous_26)
FNDA:21,(anonymous_27)
DA:1,1
DA:14,1
DA:17,1
DA:18,1
DA:19,1
DA:20,1
DA:55,1
DA:73,17
DA:74,17
DA:75,17
DA:76,17
DA:87,1
DA:92,1
DA:100,0
DA:101,0
DA:105,0
DA:110,0
DA:118,17
DA:120,17
DA:121,5
DA:123,17
DA:124,0
DA:126,17
DA:127,3
DA:132,17
DA:133,0
DA:135,17
DA:136,4
DA:138,17
DA:139,2
DA:141,17
DA:142,1
DA:144,17
DA:145,0
DA:148,17
DA:156,12
DA:167,12
DA:175,4
DA:180,4
DA:182,4
DA:190,4
DA:198,1
DA:204,1
DA:213,2
DA:222,2
DA:230,1
DA:238,1
DA:242,17
DA:246,17
DA:250,0
DA:254,17
DA:261,21
LF:52
LH:44
BRDA:68,0,0,17
BRDA:70,1,0,0
BRDA:78,2,0,17
BRDA:78,2,1,0
BRDA:77,3,0,17
BRDA:77,3,1,17
BRDA:77,4,0,0
BRDA:77,4,1,17
BRDA:77,5,0,17
BRDA:77,5,1,17
BRDA:78,6,0,0
BRDA:78,6,1,17
BRDA:78,7,0,17
BRDA:78,7,1,17
BRDA:80,8,0,0
BRDA:80,8,1,0
BRDA:80,9,0,0
BRDA:80,9,1,0
BRDA:101,10,0,0
BRDA:101,10,1,0
BRDA:102,11,0,0
BRDA:102,11,1,0
BRDA:120,12,0,5
BRDA:120,12,1,12
BRDA:123,13,0,0
BRDA:123,13,1,17
BRDA:126,14,0,3
BRDA:126,14,1,14
BRDA:126,15,0,5
BRDA:126,15,1,12
BRDA:126,16,0,17
BRDA:126,16,1,17
BRDA:132,17,0,0
BRDA:132,17,1,17
BRDA:135,18,0,4
BRDA:135,18,1,13
BRDA:138,19,0,2
BRDA:138,19,1,15
BRDA:141,20,0,1
BRDA:141,20,1,16
BRDA:141,21,0,5
BRDA:141,21,1,12
BRDA:141,22,0,17
BRDA:141,22,1,17
BRDA:144,23,0,0
BRDA:144,23,1,17
BRDA:180,24,0,4
BRDA:180,24,1,0
BRF:48
BRH:32
end_of_record
TN:
SF:src/adapters/prisma/utils/parseCursor.ts
FN:4,(anonymous_0)
FN:9,(anonymous_1)
FNF:2
FNH:2
FNDA:5,(anonymous_0)
FNDA:6,(anonymous_1)
DA:1,2
DA:4,2
DA:7,5
DA:9,5
DA:10,6
DA:12,6
DA:13,4
DA:17,5
DA:18,1
DA:23,4
LF:10
LH:10
BRDA:12,0,0,4
BRDA:12,0,1,2
BRDA:17,1,0,1
BRDA:17,1,1,4
BRF:4
BRH:4
end_of_record
TN:
SF:src/adapters/prisma/utils/parseOrderBy.ts
FN:9,(anonymous_0)
FN:12,(anonymous_1)
FNF:2
FNH:2
FNDA:1,(anonymous_0)
FNDA:2,(anonymous_1)
DA:4,2
DA:9,2
DA:10,1
DA:12,1
DA:13,2
DA:15,2
DA:18,1
LF:7
LH:7
BRF:0
BRH:0
end_of_record
TN:
SF:src/adapters/prisma/utils/parseRecursive.ts
FN:4,(anonymous_0)
FN:10,(anonymous_1)
FNF:2
FNH:2
FNDA:16,(anonymous_0)
FNDA:24,(anonymous_1)
DA:4,2
DA:8,16
DA:10,16
DA:11,24
DA:12,9
DA:19,15
DA:23,16
LF:7
LH:7
BRDA:11,0,0,9
BRDA:11,0,1,15
BRF:2
BRH:2
end_of_record
TN:
SF:src/adapters/prisma/utils/parseWhere.ts
FN:34,(anonymous_1)
FN:39,(anonymous_2)
FN:51,(anonymous_3)
FN:59,(anonymous_4)
FN:70,(anonymous_5)
FN:76,(anonymous_6)
FN:95,(anonymous_7)
FN:137,(anonymous_8)
FN:146,(anonymous_9)
FN:174,(anonymous_10)
FN:180,(anonymous_11)
FNF:11
FNH:11
FNDA:9,(anonymous_1)
FNDA:9,(anonymous_2)
FNDA:31,(anonymous_3)
FNDA:13,(anonymous_4)
FNDA:6,(anonymous_5)
FNDA:12,(anonymous_6)
FNDA:22,(anonymous_7)
FNDA:7,(anonymous_8)
FNDA:18,(anonymous_9)
FNDA:15,(anonymous_10)
FNDA:19,(anonymous_11)
DA:2,2
DA:10,2
DA:20,2
DA:34,2
DA:35,9
DA:39,2
DA:40,9
DA:41,1
DA:44,8
DA:45,1
DA:48,7
DA:51,2
DA:53,31
DA:54,31
DA:56,31
DA:59,2
DA:60,13
DA:61,13
DA:63,13
DA:64,12
DA:70,2
DA:74,6
DA:76,6
DA:77,12
DA:79,12
DA:80,3
DA:81,9
DA:82,3
DA:83,6
DA:84,6
DA:86,6
DA:87,6
DA:92,6
DA:95,2
DA:101,22
DA:102,9
DA:104,13
DA:106,2
DA:107,2
DA:109,2
DA:112,2
DA:113,2
DA:118,2
DA:121,2
DA:122,2
DA:127,2
DA:130,7
DA:131,7
DA:137,2
DA:144,7
DA:145,7
DA:146,7
DA:148,18
DA:149,7
DA:153,11
DA:161,7
DA:163,7
DA:165,7
DA:174,2
DA:178,15
DA:180,15
DA:181,19
DA:203,19
DA:204,4
DA:206,15
DA:210,15
LF:66
LH:66
BRDA:40,0,0,1
BRDA:40,0,1,8
BRDA:44,1,0,1
BRDA:44,1,1,7
BRDA:44,2,0,8
BRDA:44,2,1,2
BRDA:63,3,0,12
BRDA:63,3,1,1
BRDA:79,4,0,3
BRDA:79,4,1,9
BRDA:81,5,0,3
BRDA:81,5,1,6
BRDA:83,6,0,6
BRDA:83,6,1,0
BRDA:86,7,0,6
BRDA:86,7,1,0
BRDA:101,8,0,9
BRDA:101,8,1,13
BRDA:105,9,0,2
BRDA:105,9,1,2
BRDA:105,9,2,2
BRDA:105,9,3,7
BRDA:106,10,0,2
BRDA:106,10,1,0
BRDA:112,11,0,2
BRDA:112,11,1,0
BRDA:121,12,0,2
BRDA:121,12,1,0
BRDA:148,13,0,7
BRDA:148,13,1,11
BRDA:168,14,0,7
BRDA:168,14,1,5
BRDA:168,15,0,5
BRDA:168,15,1,2
BRDA:168,16,0,7
BRDA:168,16,1,7
BRDA:203,17,0,4
BRDA:203,17,1,15
BRF:38
BRH:33
end_of_record
TN:
SF:src/handlers/createHandler.ts
FN:8,createHandler
FN:21,(anonymous_9)
FNF:2
FNH:2
FNDA:2,createHandler
FNDA:2,(anonymous_9)
DA:2,2
DA:17,2
DA:18,2
DA:22,2
DA:33,2
LF:5
LH:5
BRF:0
BRH:0
end_of_record
TN:
SF:src/handlers/deleteHandler.ts
FN:7,deleteHandler
FN:27,(anonymous_10)
FNF:2
FNH:2
FNDA:3,deleteHandler
FNDA:2,(anonymous_10)
DA:1,2
DA:3,2
DA:16,3
DA:18,3
DA:19,2
DA:24,2
DA:28,2
DA:38,1
DA:42,2
LF:9
LH:9
BRDA:18,0,0,2
BRDA:18,0,1,1
BRF:2
BRH:2
end_of_record
TN:
SF:src/handlers/getAll.ts
FN:8,getAllHandler
FN:32,(anonymous_9)
FNF:2
FNH:2
FNDA:17,getAllHandler
FNDA:17,(anonymous_9)
DA:2,2
DA:17,17
DA:18,17
DA:19,17
DA:20,2
DA:21,2
DA:26,17
DA:33,17
DA:44,2
LF:9
LH:9
BRDA:19,0,0,2
BRDA:19,0,1,15
BRF:2
BRH:2
end_of_record
TN:
SF:src/handlers/getOne.ts
FN:7,getOneHandler
FN:25,(anonymous_10)
FNF:2
FNH:2
FNDA:8,getOneHandler
FNDA:6,(anonymous_10)
DA:1,2
DA:3,2
DA:16,8
DA:18,7
DA:19,1
DA:22,6
DA:26,6
DA:37,2
LF:8
LH:8
BRDA:18,0,0,1
BRDA:18,0,1,6
BRF:2
BRH:2
end_of_record
TN:
SF:src/handlers/index.ts
FN:1,(anonymous_1)
FN:2,(anonymous_2)
FN:3,(anonymous_3)
FN:4,(anonymous_4)
FN:5,(anonymous_5)
FNF:5
FNH:5
FNDA:17,(anonymous_1)
FNDA:8,(anonymous_2)
FNDA:2,(anonymous_3)
FNDA:4,(anonymous_4)
FNDA:3,(anonymous_5)
DA:1,19
DA:2,10
DA:3,4
DA:4,6
DA:5,5
LF:5
LH:5
BRF:0
BRH:0
end_of_record
TN:
SF:src/handlers/updateHandler.ts
FN:9,updateHandler
FN:31,(anonymous_10)
FNF:2
FNH:2
FNDA:4,updateHandler
FNDA:3,(anonymous_10)
DA:1,2
DA:3,2
DA:19,4
DA:21,4
DA:22,3
DA:28,3
DA:32,3
DA:42,1
DA:46,2
LF:9
LH:9
BRDA:21,0,0,3
BRDA:21,0,1,1
BRF:2
BRH:2
end_of_record
